{"/Users/buda007/Desktop/crewai-orchestrator-ui/reducer.ts": {"path":"/Users/buda007/Desktop/crewai-orchestrator-ui/reducer.ts","all":false,"statementMap":{"0":{"start":{"line":1,"column":0},"end":{"line":1,"column":55}},"1":{"start":{"line":2,"column":0},"end":{"line":2,"column":8}},"2":{"start":{"line":3,"column":0},"end":{"line":3,"column":14}},"3":{"start":{"line":4,"column":0},"end":{"line":4,"column":13}},"4":{"start":{"line":5,"column":0},"end":{"line":5,"column":13}},"5":{"start":{"line":6,"column":0},"end":{"line":6,"column":20}},"6":{"start":{"line":7,"column":0},"end":{"line":7,"column":10}},"7":{"start":{"line":8,"column":0},"end":{"line":8,"column":16}},"8":{"start":{"line":9,"column":0},"end":{"line":9,"column":14}},"9":{"start":{"line":10,"column":0},"end":{"line":10,"column":17}},"10":{"start":{"line":11,"column":0},"end":{"line":11,"column":0}},"11":{"start":{"line":12,"column":0},"end":{"line":12,"column":47}},"12":{"start":{"line":13,"column":0},"end":{"line":13,"column":29}},"13":{"start":{"line":14,"column":0},"end":{"line":14,"column":25}},"14":{"start":{"line":15,"column":0},"end":{"line":15,"column":29}},"15":{"start":{"line":16,"column":0},"end":{"line":16,"column":25}},"16":{"start":{"line":17,"column":0},"end":{"line":17,"column":25}},"17":{"start":{"line":18,"column":0},"end":{"line":18,"column":31}},"18":{"start":{"line":19,"column":0},"end":{"line":19,"column":31}},"19":{"start":{"line":20,"column":0},"end":{"line":20,"column":23}},"20":{"start":{"line":21,"column":0},"end":{"line":21,"column":29}},"21":{"start":{"line":22,"column":0},"end":{"line":22,"column":29}},"22":{"start":{"line":23,"column":0},"end":{"line":23,"column":23}},"23":{"start":{"line":24,"column":0},"end":{"line":24,"column":29}},"24":{"start":{"line":25,"column":0},"end":{"line":25,"column":29}},"25":{"start":{"line":26,"column":0},"end":{"line":26,"column":43}},"26":{"start":{"line":27,"column":0},"end":{"line":27,"column":41}},"27":{"start":{"line":28,"column":0},"end":{"line":28,"column":25}},"28":{"start":{"line":29,"column":0},"end":{"line":29,"column":41}},"29":{"start":{"line":30,"column":0},"end":{"line":30,"column":37}},"30":{"start":{"line":31,"column":0},"end":{"line":31,"column":39}},"31":{"start":{"line":32,"column":0},"end":{"line":32,"column":11}},"32":{"start":{"line":33,"column":0},"end":{"line":33,"column":0}},"33":{"start":{"line":34,"column":0},"end":{"line":34,"column":32}},"34":{"start":{"line":35,"column":0},"end":{"line":35,"column":121}},"35":{"start":{"line":36,"column":0},"end":{"line":36,"column":63}},"36":{"start":{"line":37,"column":0},"end":{"line":37,"column":67}},"37":{"start":{"line":38,"column":0},"end":{"line":38,"column":65}},"38":{"start":{"line":39,"column":0},"end":{"line":39,"column":68}},"39":{"start":{"line":40,"column":0},"end":{"line":40,"column":71}},"40":{"start":{"line":41,"column":0},"end":{"line":41,"column":63}},"41":{"start":{"line":42,"column":0},"end":{"line":42,"column":66}},"42":{"start":{"line":43,"column":0},"end":{"line":43,"column":70}},"43":{"start":{"line":44,"column":0},"end":{"line":44,"column":63}},"44":{"start":{"line":45,"column":0},"end":{"line":45,"column":66}},"45":{"start":{"line":46,"column":0},"end":{"line":46,"column":70}},"46":{"start":{"line":47,"column":0},"end":{"line":47,"column":70}},"47":{"start":{"line":48,"column":0},"end":{"line":48,"column":69}},"48":{"start":{"line":49,"column":0},"end":{"line":49,"column":61}},"49":{"start":{"line":50,"column":0},"end":{"line":50,"column":5}},"50":{"start":{"line":51,"column":0},"end":{"line":51,"column":50}},"51":{"start":{"line":52,"column":0},"end":{"line":52,"column":56}},"52":{"start":{"line":53,"column":0},"end":{"line":53,"column":5}},"53":{"start":{"line":54,"column":0},"end":{"line":54,"column":5}},"54":{"start":{"line":55,"column":0},"end":{"line":55,"column":48}},"55":{"start":{"line":56,"column":0},"end":{"line":56,"column":55}},"56":{"start":{"line":57,"column":0},"end":{"line":57,"column":5}},"57":{"start":{"line":58,"column":0},"end":{"line":58,"column":69}},"58":{"start":{"line":59,"column":0},"end":{"line":59,"column":0}},"59":{"start":{"line":60,"column":0},"end":{"line":60,"column":60}},"60":{"start":{"line":61,"column":0},"end":{"line":61,"column":13}},"61":{"start":{"line":62,"column":0},"end":{"line":62,"column":12}},"62":{"start":{"line":63,"column":0},"end":{"line":63,"column":12}},"63":{"start":{"line":64,"column":0},"end":{"line":64,"column":11}},"64":{"start":{"line":65,"column":0},"end":{"line":65,"column":29}},"65":{"start":{"line":66,"column":0},"end":{"line":66,"column":28}},"66":{"start":{"line":67,"column":0},"end":{"line":67,"column":27}},"67":{"start":{"line":68,"column":0},"end":{"line":68,"column":19}},"68":{"start":{"line":69,"column":0},"end":{"line":69,"column":14}},"69":{"start":{"line":70,"column":0},"end":{"line":70,"column":2}},"70":{"start":{"line":71,"column":0},"end":{"line":71,"column":0}},"71":{"start":{"line":72,"column":0},"end":{"line":72,"column":83}},"72":{"start":{"line":73,"column":0},"end":{"line":73,"column":66}},"73":{"start":{"line":74,"column":0},"end":{"line":74,"column":45}},"74":{"start":{"line":75,"column":0},"end":{"line":75,"column":29}},"75":{"start":{"line":76,"column":0},"end":{"line":76,"column":40}},"76":{"start":{"line":77,"column":0},"end":{"line":77,"column":14}},"77":{"start":{"line":78,"column":0},"end":{"line":78,"column":1}},"78":{"start":{"line":79,"column":0},"end":{"line":79,"column":0}},"79":{"start":{"line":80,"column":0},"end":{"line":80,"column":36}},"80":{"start":{"line":81,"column":0},"end":{"line":81,"column":27}},"81":{"start":{"line":82,"column":0},"end":{"line":82,"column":29}},"82":{"start":{"line":83,"column":0},"end":{"line":83,"column":22}},"83":{"start":{"line":84,"column":0},"end":{"line":84,"column":24}},"84":{"start":{"line":85,"column":0},"end":{"line":85,"column":59}},"85":{"start":{"line":86,"column":0},"end":{"line":86,"column":21}},"86":{"start":{"line":87,"column":0},"end":{"line":87,"column":14}},"87":{"start":{"line":88,"column":0},"end":{"line":88,"column":17}},"88":{"start":{"line":89,"column":0},"end":{"line":89,"column":38}},"89":{"start":{"line":90,"column":0},"end":{"line":90,"column":36}},"90":{"start":{"line":91,"column":0},"end":{"line":91,"column":36}},"91":{"start":{"line":92,"column":0},"end":{"line":92,"column":25}},"92":{"start":{"line":93,"column":0},"end":{"line":93,"column":20}},"93":{"start":{"line":94,"column":0},"end":{"line":94,"column":8}},"94":{"start":{"line":95,"column":0},"end":{"line":95,"column":23}},"95":{"start":{"line":96,"column":0},"end":{"line":96,"column":53}},"96":{"start":{"line":97,"column":0},"end":{"line":97,"column":21}},"97":{"start":{"line":98,"column":0},"end":{"line":98,"column":67}},"98":{"start":{"line":99,"column":0},"end":{"line":99,"column":21}},"99":{"start":{"line":100,"column":0},"end":{"line":100,"column":69}},"100":{"start":{"line":101,"column":0},"end":{"line":101,"column":24}},"101":{"start":{"line":102,"column":0},"end":{"line":102,"column":14}},"102":{"start":{"line":103,"column":0},"end":{"line":103,"column":17}},"103":{"start":{"line":104,"column":0},"end":{"line":104,"column":37}},"104":{"start":{"line":105,"column":0},"end":{"line":105,"column":58}},"105":{"start":{"line":106,"column":0},"end":{"line":106,"column":10}},"106":{"start":{"line":107,"column":0},"end":{"line":107,"column":8}},"107":{"start":{"line":108,"column":0},"end":{"line":108,"column":24}},"108":{"start":{"line":109,"column":0},"end":{"line":109,"column":14}},"109":{"start":{"line":110,"column":0},"end":{"line":110,"column":17}},"110":{"start":{"line":111,"column":0},"end":{"line":111,"column":69}},"111":{"start":{"line":112,"column":0},"end":{"line":112,"column":35}},"112":{"start":{"line":113,"column":0},"end":{"line":113,"column":70}},"113":{"start":{"line":114,"column":0},"end":{"line":114,"column":10}},"114":{"start":{"line":115,"column":0},"end":{"line":115,"column":8}},"115":{"start":{"line":116,"column":0},"end":{"line":116,"column":20}},"116":{"start":{"line":117,"column":0},"end":{"line":117,"column":67}},"117":{"start":{"line":118,"column":0},"end":{"line":118,"column":23}},"118":{"start":{"line":119,"column":0},"end":{"line":119,"column":14}},"119":{"start":{"line":120,"column":0},"end":{"line":120,"column":17}},"120":{"start":{"line":121,"column":0},"end":{"line":121,"column":35}},"121":{"start":{"line":122,"column":0},"end":{"line":122,"column":58}},"122":{"start":{"line":123,"column":0},"end":{"line":123,"column":10}},"123":{"start":{"line":124,"column":0},"end":{"line":124,"column":8}},"124":{"start":{"line":125,"column":0},"end":{"line":125,"column":23}},"125":{"start":{"line":126,"column":0},"end":{"line":126,"column":14}},"126":{"start":{"line":127,"column":0},"end":{"line":127,"column":17}},"127":{"start":{"line":128,"column":0},"end":{"line":128,"column":52}},"128":{"start":{"line":129,"column":0},"end":{"line":129,"column":26}},"129":{"start":{"line":130,"column":0},"end":{"line":130,"column":50}},"130":{"start":{"line":131,"column":0},"end":{"line":131,"column":22}},"131":{"start":{"line":132,"column":0},"end":{"line":132,"column":17}},"132":{"start":{"line":133,"column":0},"end":{"line":133,"column":52}},"133":{"start":{"line":134,"column":0},"end":{"line":134,"column":45}},"134":{"start":{"line":135,"column":0},"end":{"line":135,"column":14}},"135":{"start":{"line":136,"column":0},"end":{"line":136,"column":14}},"136":{"start":{"line":137,"column":0},"end":{"line":137,"column":8}},"137":{"start":{"line":138,"column":0},"end":{"line":138,"column":20}},"138":{"start":{"line":139,"column":0},"end":{"line":139,"column":67}},"139":{"start":{"line":140,"column":0},"end":{"line":140,"column":23}},"140":{"start":{"line":141,"column":0},"end":{"line":141,"column":14}},"141":{"start":{"line":142,"column":0},"end":{"line":142,"column":17}},"142":{"start":{"line":143,"column":0},"end":{"line":143,"column":35}},"143":{"start":{"line":144,"column":0},"end":{"line":144,"column":58}},"144":{"start":{"line":145,"column":0},"end":{"line":145,"column":10}},"145":{"start":{"line":146,"column":0},"end":{"line":146,"column":8}},"146":{"start":{"line":147,"column":0},"end":{"line":147,"column":23}},"147":{"start":{"line":148,"column":0},"end":{"line":148,"column":14}},"148":{"start":{"line":149,"column":0},"end":{"line":149,"column":17}},"149":{"start":{"line":150,"column":0},"end":{"line":150,"column":67}},"150":{"start":{"line":151,"column":0},"end":{"line":151,"column":8}},"151":{"start":{"line":152,"column":0},"end":{"line":152,"column":30}},"152":{"start":{"line":153,"column":0},"end":{"line":153,"column":59}},"153":{"start":{"line":154,"column":0},"end":{"line":154,"column":29}},"154":{"start":{"line":155,"column":0},"end":{"line":155,"column":58}},"155":{"start":{"line":156,"column":0},"end":{"line":156,"column":21}},"156":{"start":{"line":157,"column":0},"end":{"line":157,"column":14}},"157":{"start":{"line":158,"column":0},"end":{"line":158,"column":17}},"158":{"start":{"line":159,"column":0},"end":{"line":159,"column":46}},"159":{"start":{"line":160,"column":0},"end":{"line":160,"column":41}},"160":{"start":{"line":161,"column":0},"end":{"line":161,"column":8}},"161":{"start":{"line":162,"column":0},"end":{"line":162,"column":29}},"162":{"start":{"line":163,"column":0},"end":{"line":163,"column":14}},"163":{"start":{"line":164,"column":0},"end":{"line":164,"column":17}},"164":{"start":{"line":165,"column":0},"end":{"line":165,"column":33}},"165":{"start":{"line":166,"column":0},"end":{"line":166,"column":39}},"166":{"start":{"line":167,"column":0},"end":{"line":167,"column":15}},"167":{"start":{"line":168,"column":0},"end":{"line":168,"column":21}},"168":{"start":{"line":169,"column":0},"end":{"line":169,"column":46}},"169":{"start":{"line":170,"column":0},"end":{"line":170,"column":52}},"170":{"start":{"line":171,"column":0},"end":{"line":171,"column":15}},"171":{"start":{"line":172,"column":0},"end":{"line":172,"column":16}},"172":{"start":{"line":173,"column":0},"end":{"line":173,"column":10}},"173":{"start":{"line":174,"column":0},"end":{"line":174,"column":8}},"174":{"start":{"line":175,"column":0},"end":{"line":175,"column":27}},"175":{"start":{"line":176,"column":0},"end":{"line":176,"column":14}},"176":{"start":{"line":177,"column":0},"end":{"line":177,"column":17}},"177":{"start":{"line":178,"column":0},"end":{"line":178,"column":33}},"178":{"start":{"line":179,"column":0},"end":{"line":179,"column":39}},"179":{"start":{"line":180,"column":0},"end":{"line":180,"column":15}},"180":{"start":{"line":181,"column":0},"end":{"line":181,"column":21}},"181":{"start":{"line":182,"column":0},"end":{"line":182,"column":76}},"182":{"start":{"line":183,"column":0},"end":{"line":183,"column":52}},"183":{"start":{"line":184,"column":0},"end":{"line":184,"column":15}},"184":{"start":{"line":185,"column":0},"end":{"line":185,"column":16}},"185":{"start":{"line":186,"column":0},"end":{"line":186,"column":10}},"186":{"start":{"line":187,"column":0},"end":{"line":187,"column":8}},"187":{"start":{"line":188,"column":0},"end":{"line":188,"column":28}},"188":{"start":{"line":189,"column":0},"end":{"line":189,"column":57}},"189":{"start":{"line":190,"column":0},"end":{"line":190,"column":12}},"190":{"start":{"line":191,"column":0},"end":{"line":191,"column":19}},"191":{"start":{"line":192,"column":0},"end":{"line":192,"column":3}},"192":{"start":{"line":193,"column":0},"end":{"line":193,"column":1}},"193":{"start":{"line":194,"column":0},"end":{"line":194,"column":0}},"194":{"start":{"line":195,"column":0},"end":{"line":195,"column":50}},"195":{"start":{"line":196,"column":0},"end":{"line":196,"column":27}},"196":{"start":{"line":197,"column":0},"end":{"line":197,"column":41}},"197":{"start":{"line":198,"column":0},"end":{"line":198,"column":16}}},"s":{"0":1,"1":1,"2":1,"3":1,"4":1,"5":1,"6":1,"7":1,"8":1,"9":1,"10":1,"11":1,"12":1,"13":1,"14":1,"15":1,"16":1,"17":1,"18":1,"19":1,"20":1,"21":1,"22":1,"23":1,"24":1,"25":1,"26":1,"27":1,"28":1,"29":1,"30":1,"31":1,"32":1,"33":1,"34":1,"35":1,"36":1,"37":1,"38":1,"39":1,"40":1,"41":1,"42":1,"43":1,"44":1,"45":1,"46":1,"47":1,"48":1,"49":1,"50":1,"51":1,"52":1,"53":1,"54":1,"55":1,"56":1,"57":1,"58":1,"59":1,"60":1,"61":1,"62":1,"63":1,"64":1,"65":1,"66":1,"67":1,"68":1,"69":1,"70":1,"71":2,"72":2,"73":2,"74":1,"75":1,"76":1,"77":1,"78":1,"79":1,"80":28,"81":28,"82":28,"83":28,"84":28,"85":28,"86":1,"87":1,"88":1,"89":1,"90":1,"91":1,"92":1,"93":1,"94":28,"95":2,"96":28,"97":2,"98":28,"99":3,"100":28,"101":2,"102":2,"103":2,"104":3,"105":2,"106":2,"107":28,"108":2,"109":2,"110":2,"111":2,"112":1,"113":2,"114":2,"115":28,"116":1,"117":28,"118":1,"119":1,"120":1,"121":1,"122":1,"123":1,"124":28,"125":2,"126":2,"127":2,"128":2,"129":2,"130":2,"131":1,"132":1,"133":1,"134":1,"135":2,"136":2,"137":28,"138":1,"139":28,"140":1,"141":1,"142":1,"143":1,"144":1,"145":1,"146":28,"147":1,"148":1,"149":1,"150":1,"151":28,"152":2,"153":28,"154":1,"155":28,"156":1,"157":1,"158":1,"159":1,"160":1,"161":28,"162":1,"163":1,"164":1,"165":1,"166":1,"167":1,"168":1,"169":1,"170":1,"171":0,"172":1,"173":1,"174":28,"175":2,"176":2,"177":2,"178":2,"179":2,"180":2,"181":2,"182":2,"183":2,"184":0,"185":2,"186":2,"187":28,"188":1,"189":28,"190":1,"191":28,"192":28,"193":1,"194":1,"195":1,"196":1,"197":1},"branchMap":{"0":{"type":"branch","line":72,"loc":{"start":{"line":72,"column":0},"end":{"line":78,"column":1}},"locations":[{"start":{"line":72,"column":0},"end":{"line":78,"column":1}}]},"1":{"type":"branch","line":74,"loc":{"start":{"line":74,"column":18},"end":{"line":78,"column":1}},"locations":[{"start":{"line":74,"column":18},"end":{"line":78,"column":1}}]},"2":{"type":"branch","line":73,"loc":{"start":{"line":73,"column":33},"end":{"line":73,"column":64}},"locations":[{"start":{"line":73,"column":33},"end":{"line":73,"column":64}}]},"3":{"type":"branch","line":80,"loc":{"start":{"line":80,"column":7},"end":{"line":193,"column":1}},"locations":[{"start":{"line":80,"column":7},"end":{"line":193,"column":1}}]},"4":{"type":"branch","line":86,"loc":{"start":{"line":86,"column":4},"end":{"line":94,"column":8}},"locations":[{"start":{"line":86,"column":4},"end":{"line":94,"column":8}}]},"5":{"type":"branch","line":95,"loc":{"start":{"line":95,"column":4},"end":{"line":96,"column":53}},"locations":[{"start":{"line":95,"column":4},"end":{"line":96,"column":53}}]},"6":{"type":"branch","line":97,"loc":{"start":{"line":97,"column":4},"end":{"line":98,"column":67}},"locations":[{"start":{"line":97,"column":4},"end":{"line":98,"column":67}}]},"7":{"type":"branch","line":99,"loc":{"start":{"line":99,"column":4},"end":{"line":100,"column":69}},"locations":[{"start":{"line":99,"column":4},"end":{"line":100,"column":69}}]},"8":{"type":"branch","line":101,"loc":{"start":{"line":101,"column":4},"end":{"line":107,"column":8}},"locations":[{"start":{"line":101,"column":4},"end":{"line":107,"column":8}}]},"9":{"type":"branch","line":108,"loc":{"start":{"line":108,"column":4},"end":{"line":115,"column":8}},"locations":[{"start":{"line":108,"column":4},"end":{"line":115,"column":8}}]},"10":{"type":"branch","line":116,"loc":{"start":{"line":116,"column":4},"end":{"line":117,"column":67}},"locations":[{"start":{"line":116,"column":4},"end":{"line":117,"column":67}}]},"11":{"type":"branch","line":118,"loc":{"start":{"line":118,"column":4},"end":{"line":124,"column":8}},"locations":[{"start":{"line":118,"column":4},"end":{"line":124,"column":8}}]},"12":{"type":"branch","line":125,"loc":{"start":{"line":125,"column":4},"end":{"line":137,"column":8}},"locations":[{"start":{"line":125,"column":4},"end":{"line":137,"column":8}}]},"13":{"type":"branch","line":138,"loc":{"start":{"line":138,"column":4},"end":{"line":139,"column":67}},"locations":[{"start":{"line":138,"column":4},"end":{"line":139,"column":67}}]},"14":{"type":"branch","line":140,"loc":{"start":{"line":140,"column":4},"end":{"line":146,"column":8}},"locations":[{"start":{"line":140,"column":4},"end":{"line":146,"column":8}}]},"15":{"type":"branch","line":147,"loc":{"start":{"line":147,"column":4},"end":{"line":151,"column":8}},"locations":[{"start":{"line":147,"column":4},"end":{"line":151,"column":8}}]},"16":{"type":"branch","line":152,"loc":{"start":{"line":152,"column":4},"end":{"line":153,"column":59}},"locations":[{"start":{"line":152,"column":4},"end":{"line":153,"column":59}}]},"17":{"type":"branch","line":154,"loc":{"start":{"line":154,"column":4},"end":{"line":155,"column":58}},"locations":[{"start":{"line":154,"column":4},"end":{"line":155,"column":58}}]},"18":{"type":"branch","line":156,"loc":{"start":{"line":156,"column":4},"end":{"line":161,"column":8}},"locations":[{"start":{"line":156,"column":4},"end":{"line":161,"column":8}}]},"19":{"type":"branch","line":162,"loc":{"start":{"line":162,"column":4},"end":{"line":174,"column":8}},"locations":[{"start":{"line":162,"column":4},"end":{"line":174,"column":8}}]},"20":{"type":"branch","line":175,"loc":{"start":{"line":175,"column":4},"end":{"line":187,"column":8}},"locations":[{"start":{"line":175,"column":4},"end":{"line":187,"column":8}}]},"21":{"type":"branch","line":188,"loc":{"start":{"line":188,"column":4},"end":{"line":189,"column":57}},"locations":[{"start":{"line":188,"column":4},"end":{"line":189,"column":57}}]},"22":{"type":"branch","line":190,"loc":{"start":{"line":190,"column":4},"end":{"line":191,"column":19}},"locations":[{"start":{"line":190,"column":4},"end":{"line":191,"column":19}}]},"23":{"type":"branch","line":104,"loc":{"start":{"line":104,"column":33},"end":{"line":105,"column":58}},"locations":[{"start":{"line":104,"column":33},"end":{"line":105,"column":58}}]},"24":{"type":"branch","line":105,"loc":{"start":{"line":105,"column":34},"end":{"line":105,"column":56}},"locations":[{"start":{"line":105,"column":34},"end":{"line":105,"column":56}}]},"25":{"type":"branch","line":105,"loc":{"start":{"line":105,"column":46},"end":{"line":105,"column":58}},"locations":[{"start":{"line":105,"column":46},"end":{"line":105,"column":58}}]},"26":{"type":"branch","line":111,"loc":{"start":{"line":111,"column":36},"end":{"line":111,"column":67}},"locations":[{"start":{"line":111,"column":36},"end":{"line":111,"column":67}}]},"27":{"type":"branch","line":112,"loc":{"start":{"line":112,"column":31},"end":{"line":113,"column":70}},"locations":[{"start":{"line":112,"column":31},"end":{"line":113,"column":70}}]},"28":{"type":"branch","line":113,"loc":{"start":{"line":113,"column":64},"end":{"line":113,"column":70}},"locations":[{"start":{"line":113,"column":64},"end":{"line":113,"column":70}}]},"29":{"type":"branch","line":121,"loc":{"start":{"line":121,"column":31},"end":{"line":122,"column":58}},"locations":[{"start":{"line":121,"column":31},"end":{"line":122,"column":58}}]},"30":{"type":"branch","line":122,"loc":{"start":{"line":122,"column":46},"end":{"line":122,"column":58}},"locations":[{"start":{"line":122,"column":46},"end":{"line":122,"column":58}}]},"31":{"type":"branch","line":130,"loc":{"start":{"line":130,"column":18},"end":{"line":130,"column":49}},"locations":[{"start":{"line":130,"column":18},"end":{"line":130,"column":49}}]},"32":{"type":"branch","line":131,"loc":{"start":{"line":131,"column":15},"end":{"line":136,"column":12}},"locations":[{"start":{"line":131,"column":15},"end":{"line":136,"column":12}}]},"33":{"type":"branch","line":134,"loc":{"start":{"line":134,"column":14},"end":{"line":134,"column":45}},"locations":[{"start":{"line":134,"column":14},"end":{"line":134,"column":45}}]},"34":{"type":"branch","line":143,"loc":{"start":{"line":143,"column":31},"end":{"line":144,"column":58}},"locations":[{"start":{"line":143,"column":31},"end":{"line":144,"column":58}}]},"35":{"type":"branch","line":144,"loc":{"start":{"line":144,"column":46},"end":{"line":144,"column":58}},"locations":[{"start":{"line":144,"column":46},"end":{"line":144,"column":58}}]},"36":{"type":"branch","line":150,"loc":{"start":{"line":150,"column":34},"end":{"line":150,"column":65}},"locations":[{"start":{"line":150,"column":34},"end":{"line":150,"column":65}}]},"37":{"type":"branch","line":165,"loc":{"start":{"line":165,"column":29},"end":{"line":172,"column":16}},"locations":[{"start":{"line":165,"column":29},"end":{"line":172,"column":16}}]},"38":{"type":"branch","line":171,"loc":{"start":{"line":171,"column":14},"end":{"line":172,"column":16}},"locations":[{"start":{"line":171,"column":14},"end":{"line":172,"column":16}}]},"39":{"type":"branch","line":178,"loc":{"start":{"line":178,"column":29},"end":{"line":185,"column":16}},"locations":[{"start":{"line":178,"column":29},"end":{"line":185,"column":16}}]},"40":{"type":"branch","line":184,"loc":{"start":{"line":184,"column":14},"end":{"line":185,"column":16}},"locations":[{"start":{"line":184,"column":14},"end":{"line":185,"column":16}}]}},"b":{"0":[2],"1":[1],"2":[1],"3":[28],"4":[1],"5":[2],"6":[2],"7":[3],"8":[2],"9":[2],"10":[1],"11":[1],"12":[2],"13":[1],"14":[1],"15":[1],"16":[2],"17":[1],"18":[1],"19":[1],"20":[2],"21":[1],"22":[1],"23":[3],"24":[2],"25":[1],"26":[2],"27":[1],"28":[0],"29":[1],"30":[0],"31":[3],"32":[1],"33":[1],"34":[1],"35":[0],"36":[1],"37":[1],"38":[0],"39":[2],"40":[0]},"fnMap":{"0":{"name":"upsertTaskRun","decl":{"start":{"line":72,"column":0},"end":{"line":78,"column":1}},"loc":{"start":{"line":72,"column":0},"end":{"line":78,"column":1}},"line":72},"1":{"name":"orchestratorReducer","decl":{"start":{"line":80,"column":7},"end":{"line":193,"column":1}},"loc":{"start":{"line":80,"column":7},"end":{"line":193,"column":1}},"line":80}},"f":{"0":2,"1":28}}
,"/Users/buda007/Desktop/crewai-orchestrator-ui/types.ts": {"path":"/Users/buda007/Desktop/crewai-orchestrator-ui/types.ts","all":false,"statementMap":{"0":{"start":{"line":1,"column":0},"end":{"line":1,"column":69}},"1":{"start":{"line":2,"column":0},"end":{"line":2,"column":0}},"2":{"start":{"line":3,"column":0},"end":{"line":3,"column":30}},"3":{"start":{"line":4,"column":0},"end":{"line":4,"column":41}},"4":{"start":{"line":5,"column":0},"end":{"line":5,"column":41}},"5":{"start":{"line":6,"column":0},"end":{"line":6,"column":15}},"6":{"start":{"line":7,"column":0},"end":{"line":7,"column":15}},"7":{"start":{"line":8,"column":0},"end":{"line":8,"column":20}},"8":{"start":{"line":9,"column":0},"end":{"line":9,"column":58}},"9":{"start":{"line":10,"column":0},"end":{"line":10,"column":62}},"10":{"start":{"line":11,"column":0},"end":{"line":11,"column":27}},"11":{"start":{"line":12,"column":0},"end":{"line":12,"column":19}},"12":{"start":{"line":13,"column":0},"end":{"line":13,"column":1}},"13":{"start":{"line":14,"column":0},"end":{"line":14,"column":0}},"14":{"start":{"line":15,"column":0},"end":{"line":15,"column":29}},"15":{"start":{"line":16,"column":0},"end":{"line":16,"column":45}},"16":{"start":{"line":17,"column":0},"end":{"line":17,"column":15}},"17":{"start":{"line":18,"column":0},"end":{"line":18,"column":22}},"18":{"start":{"line":19,"column":0},"end":{"line":19,"column":25}},"19":{"start":{"line":20,"column":0},"end":{"line":20,"column":57}},"20":{"start":{"line":21,"column":0},"end":{"line":21,"column":46}},"21":{"start":{"line":22,"column":0},"end":{"line":22,"column":24}},"22":{"start":{"line":23,"column":0},"end":{"line":23,"column":1}},"23":{"start":{"line":24,"column":0},"end":{"line":24,"column":0}},"24":{"start":{"line":25,"column":0},"end":{"line":25,"column":29}},"25":{"start":{"line":26,"column":0},"end":{"line":26,"column":13}},"26":{"start":{"line":27,"column":0},"end":{"line":27,"column":15}},"27":{"start":{"line":28,"column":0},"end":{"line":28,"column":22}},"28":{"start":{"line":29,"column":0},"end":{"line":29,"column":23}},"29":{"start":{"line":30,"column":0},"end":{"line":30,"column":21}},"30":{"start":{"line":31,"column":0},"end":{"line":31,"column":20}},"31":{"start":{"line":32,"column":0},"end":{"line":32,"column":1}},"32":{"start":{"line":33,"column":0},"end":{"line":33,"column":0}},"33":{"start":{"line":34,"column":0},"end":{"line":34,"column":36}},"34":{"start":{"line":35,"column":0},"end":{"line":35,"column":24}},"35":{"start":{"line":36,"column":0},"end":{"line":36,"column":22}},"36":{"start":{"line":37,"column":0},"end":{"line":37,"column":22}},"37":{"start":{"line":38,"column":0},"end":{"line":38,"column":18}},"38":{"start":{"line":39,"column":0},"end":{"line":39,"column":27}},"39":{"start":{"line":40,"column":0},"end":{"line":40,"column":26}},"40":{"start":{"line":41,"column":0},"end":{"line":41,"column":25}},"41":{"start":{"line":42,"column":0},"end":{"line":42,"column":29}},"42":{"start":{"line":43,"column":0},"end":{"line":43,"column":21}},"43":{"start":{"line":44,"column":0},"end":{"line":44,"column":23}},"44":{"start":{"line":45,"column":0},"end":{"line":45,"column":1}},"45":{"start":{"line":46,"column":0},"end":{"line":46,"column":0}},"46":{"start":{"line":47,"column":0},"end":{"line":47,"column":27}},"47":{"start":{"line":48,"column":0},"end":{"line":48,"column":13}},"48":{"start":{"line":49,"column":0},"end":{"line":49,"column":20}},"49":{"start":{"line":50,"column":0},"end":{"line":50,"column":20}},"50":{"start":{"line":51,"column":0},"end":{"line":51,"column":18}},"51":{"start":{"line":52,"column":0},"end":{"line":52,"column":49}},"52":{"start":{"line":53,"column":0},"end":{"line":53,"column":1}},"53":{"start":{"line":54,"column":0},"end":{"line":54,"column":0}},"54":{"start":{"line":55,"column":0},"end":{"line":55,"column":33}},"55":{"start":{"line":56,"column":0},"end":{"line":56,"column":21}},"56":{"start":{"line":57,"column":0},"end":{"line":57,"column":25}},"57":{"start":{"line":58,"column":0},"end":{"line":58,"column":11}},"58":{"start":{"line":59,"column":0},"end":{"line":59,"column":16}},"59":{"start":{"line":60,"column":0},"end":{"line":60,"column":22}},"60":{"start":{"line":61,"column":0},"end":{"line":61,"column":18}},"61":{"start":{"line":62,"column":0},"end":{"line":62,"column":19}},"62":{"start":{"line":63,"column":0},"end":{"line":63,"column":2}},"63":{"start":{"line":64,"column":0},"end":{"line":64,"column":0}},"64":{"start":{"line":65,"column":0},"end":{"line":65,"column":32}},"65":{"start":{"line":66,"column":0},"end":{"line":66,"column":18}},"66":{"start":{"line":67,"column":0},"end":{"line":67,"column":18}},"67":{"start":{"line":68,"column":0},"end":{"line":68,"column":22}},"68":{"start":{"line":69,"column":0},"end":{"line":69,"column":15}},"69":{"start":{"line":70,"column":0},"end":{"line":70,"column":17}},"70":{"start":{"line":71,"column":0},"end":{"line":71,"column":18}},"71":{"start":{"line":72,"column":0},"end":{"line":72,"column":17}},"72":{"start":{"line":73,"column":0},"end":{"line":73,"column":15}},"73":{"start":{"line":74,"column":0},"end":{"line":74,"column":22}},"74":{"start":{"line":75,"column":0},"end":{"line":75,"column":18}},"75":{"start":{"line":76,"column":0},"end":{"line":76,"column":2}},"76":{"start":{"line":77,"column":0},"end":{"line":77,"column":0}},"77":{"start":{"line":78,"column":0},"end":{"line":78,"column":75}},"78":{"start":{"line":79,"column":0},"end":{"line":79,"column":0}},"79":{"start":{"line":80,"column":0},"end":{"line":80,"column":44}},"80":{"start":{"line":81,"column":0},"end":{"line":81,"column":27}},"81":{"start":{"line":82,"column":0},"end":{"line":82,"column":126}},"82":{"start":{"line":83,"column":0},"end":{"line":83,"column":18}},"83":{"start":{"line":84,"column":0},"end":{"line":84,"column":19}},"84":{"start":{"line":85,"column":0},"end":{"line":85,"column":18}},"85":{"start":{"line":86,"column":0},"end":{"line":86,"column":17}},"86":{"start":{"line":87,"column":0},"end":{"line":87,"column":25}},"87":{"start":{"line":88,"column":0},"end":{"line":88,"column":17}},"88":{"start":{"line":89,"column":0},"end":{"line":89,"column":21}},"89":{"start":{"line":90,"column":0},"end":{"line":90,"column":1}},"90":{"start":{"line":91,"column":0},"end":{"line":91,"column":0}},"91":{"start":{"line":92,"column":0},"end":{"line":92,"column":30}},"92":{"start":{"line":93,"column":0},"end":{"line":93,"column":17}},"93":{"start":{"line":94,"column":0},"end":{"line":94,"column":24}},"94":{"start":{"line":95,"column":0},"end":{"line":95,"column":28}},"95":{"start":{"line":96,"column":0},"end":{"line":96,"column":29}},"96":{"start":{"line":97,"column":0},"end":{"line":97,"column":59}},"97":{"start":{"line":98,"column":0},"end":{"line":98,"column":31}},"98":{"start":{"line":99,"column":0},"end":{"line":99,"column":1}},"99":{"start":{"line":100,"column":0},"end":{"line":100,"column":0}},"100":{"start":{"line":101,"column":0},"end":{"line":101,"column":26}},"101":{"start":{"line":102,"column":0},"end":{"line":102,"column":41}},"102":{"start":{"line":103,"column":0},"end":{"line":103,"column":57}},"103":{"start":{"line":104,"column":0},"end":{"line":104,"column":24}},"104":{"start":{"line":105,"column":0},"end":{"line":105,"column":32}},"105":{"start":{"line":106,"column":0},"end":{"line":106,"column":59}},"106":{"start":{"line":107,"column":0},"end":{"line":107,"column":20}},"107":{"start":{"line":108,"column":0},"end":{"line":108,"column":20}},"108":{"start":{"line":109,"column":0},"end":{"line":109,"column":59}},"109":{"start":{"line":110,"column":0},"end":{"line":110,"column":62}},"110":{"start":{"line":111,"column":0},"end":{"line":111,"column":1}}},"s":{"0":1,"1":1,"2":1,"3":1,"4":1,"5":1,"6":1,"7":1,"8":1,"9":1,"10":1,"11":1,"12":1,"13":1,"14":1,"15":1,"16":1,"17":1,"18":1,"19":1,"20":1,"21":1,"22":1,"23":1,"24":1,"25":1,"26":1,"27":1,"28":1,"29":1,"30":1,"31":1,"32":1,"33":1,"34":1,"35":1,"36":1,"37":1,"38":1,"39":1,"40":1,"41":1,"42":1,"43":1,"44":1,"45":1,"46":1,"47":1,"48":1,"49":1,"50":1,"51":1,"52":1,"53":1,"54":1,"55":1,"56":1,"57":1,"58":1,"59":1,"60":1,"61":1,"62":1,"63":1,"64":1,"65":1,"66":1,"67":1,"68":1,"69":1,"70":1,"71":1,"72":1,"73":1,"74":1,"75":1,"76":1,"77":1,"78":1,"79":1,"80":1,"81":1,"82":1,"83":1,"84":1,"85":1,"86":1,"87":1,"88":1,"89":1,"90":1,"91":1,"92":1,"93":1,"94":1,"95":1,"96":1,"97":1,"98":1,"99":1,"100":1,"101":1,"102":1,"103":1,"104":1,"105":1,"106":1,"107":1,"108":1,"109":1,"110":1},"branchMap":{},"b":{},"fnMap":{},"f":{}}
,"/Users/buda007/Desktop/crewai-orchestrator-ui/components/AgentForm.tsx": {"path":"/Users/buda007/Desktop/crewai-orchestrator-ui/components/AgentForm.tsx","all":false,"statementMap":{"0":{"start":{"line":1,"column":0},"end":{"line":1,"column":64}},"1":{"start":{"line":2,"column":0},"end":{"line":2,"column":74}},"2":{"start":{"line":3,"column":0},"end":{"line":3,"column":113}},"3":{"start":{"line":4,"column":0},"end":{"line":4,"column":60}},"4":{"start":{"line":5,"column":0},"end":{"line":5,"column":58}},"5":{"start":{"line":6,"column":0},"end":{"line":6,"column":0}},"6":{"start":{"line":7,"column":0},"end":{"line":7,"column":26}},"7":{"start":{"line":8,"column":0},"end":{"line":8,"column":27}},"8":{"start":{"line":9,"column":0},"end":{"line":9,"column":48}},"9":{"start":{"line":10,"column":0},"end":{"line":10,"column":33}},"10":{"start":{"line":11,"column":0},"end":{"line":11,"column":1}},"11":{"start":{"line":12,"column":0},"end":{"line":12,"column":0}},"12":{"start":{"line":13,"column":0},"end":{"line":13,"column":95}},"13":{"start":{"line":14,"column":0},"end":{"line":14,"column":69}},"14":{"start":{"line":15,"column":0},"end":{"line":15,"column":58}},"15":{"start":{"line":16,"column":0},"end":{"line":16,"column":0}},"16":{"start":{"line":17,"column":0},"end":{"line":17,"column":75}},"17":{"start":{"line":18,"column":0},"end":{"line":18,"column":19}},"18":{"start":{"line":19,"column":0},"end":{"line":19,"column":29}},"19":{"start":{"line":20,"column":0},"end":{"line":20,"column":20}},"20":{"start":{"line":21,"column":0},"end":{"line":21,"column":0}},"21":{"start":{"line":22,"column":0},"end":{"line":22,"column":53}},"22":{"start":{"line":23,"column":0},"end":{"line":23,"column":49}},"23":{"start":{"line":24,"column":0},"end":{"line":24,"column":26}},"24":{"start":{"line":25,"column":0},"end":{"line":25,"column":9}},"25":{"start":{"line":26,"column":0},"end":{"line":26,"column":79}},"26":{"start":{"line":27,"column":0},"end":{"line":27,"column":59}},"27":{"start":{"line":28,"column":0},"end":{"line":28,"column":17}},"28":{"start":{"line":29,"column":0},"end":{"line":29,"column":55}},"29":{"start":{"line":30,"column":0},"end":{"line":30,"column":5}},"30":{"start":{"line":31,"column":0},"end":{"line":31,"column":27}},"31":{"start":{"line":32,"column":0},"end":{"line":32,"column":37}},"32":{"start":{"line":33,"column":0},"end":{"line":33,"column":0}},"33":{"start":{"line":34,"column":0},"end":{"line":34,"column":52}},"34":{"start":{"line":35,"column":0},"end":{"line":35,"column":26}},"35":{"start":{"line":36,"column":0},"end":{"line":36,"column":14}},"36":{"start":{"line":37,"column":0},"end":{"line":37,"column":38}},"37":{"start":{"line":38,"column":0},"end":{"line":38,"column":44}},"38":{"start":{"line":39,"column":0},"end":{"line":39,"column":31}},"39":{"start":{"line":40,"column":0},"end":{"line":40,"column":8}},"40":{"start":{"line":41,"column":0},"end":{"line":41,"column":9}},"41":{"start":{"line":42,"column":0},"end":{"line":42,"column":0}},"42":{"start":{"line":43,"column":0},"end":{"line":43,"column":10}},"43":{"start":{"line":44,"column":0},"end":{"line":44,"column":64}},"44":{"start":{"line":45,"column":0},"end":{"line":45,"column":51}},"45":{"start":{"line":46,"column":0},"end":{"line":46,"column":22}},"46":{"start":{"line":47,"column":0},"end":{"line":47,"column":92}},"47":{"start":{"line":48,"column":0},"end":{"line":48,"column":15}},"48":{"start":{"line":49,"column":0},"end":{"line":49,"column":81}},"49":{"start":{"line":50,"column":0},"end":{"line":50,"column":67}},"50":{"start":{"line":51,"column":0},"end":{"line":51,"column":47}},"51":{"start":{"line":52,"column":0},"end":{"line":52,"column":16}},"52":{"start":{"line":53,"column":0},"end":{"line":53,"column":16}},"53":{"start":{"line":54,"column":0},"end":{"line":54,"column":38}},"54":{"start":{"line":55,"column":0},"end":{"line":55,"column":20}},"55":{"start":{"line":56,"column":0},"end":{"line":56,"column":51}},"56":{"start":{"line":57,"column":0},"end":{"line":57,"column":205}},"57":{"start":{"line":58,"column":0},"end":{"line":58,"column":23}},"58":{"start":{"line":59,"column":0},"end":{"line":59,"column":118}},"59":{"start":{"line":60,"column":0},"end":{"line":60,"column":76}},"60":{"start":{"line":61,"column":0},"end":{"line":61,"column":39}},"61":{"start":{"line":62,"column":0},"end":{"line":62,"column":16}},"62":{"start":{"line":63,"column":0},"end":{"line":63,"column":35}},"63":{"start":{"line":64,"column":0},"end":{"line":64,"column":69}},"64":{"start":{"line":65,"column":0},"end":{"line":65,"column":59}},"65":{"start":{"line":66,"column":0},"end":{"line":66,"column":59}},"66":{"start":{"line":67,"column":0},"end":{"line":67,"column":72}},"67":{"start":{"line":68,"column":0},"end":{"line":68,"column":73}},"68":{"start":{"line":69,"column":0},"end":{"line":69,"column":16}},"69":{"start":{"line":70,"column":0},"end":{"line":70,"column":42}},"70":{"start":{"line":71,"column":0},"end":{"line":71,"column":41}},"71":{"start":{"line":72,"column":0},"end":{"line":72,"column":42}},"72":{"start":{"line":73,"column":0},"end":{"line":73,"column":42}},"73":{"start":{"line":74,"column":0},"end":{"line":74,"column":16}},"74":{"start":{"line":75,"column":0},"end":{"line":75,"column":176}},"75":{"start":{"line":76,"column":0},"end":{"line":76,"column":127}},"76":{"start":{"line":77,"column":0},"end":{"line":77,"column":16}},"77":{"start":{"line":78,"column":0},"end":{"line":78,"column":36}},"78":{"start":{"line":79,"column":0},"end":{"line":79,"column":141}},"79":{"start":{"line":80,"column":0},"end":{"line":80,"column":57}},"80":{"start":{"line":81,"column":0},"end":{"line":81,"column":16}},"81":{"start":{"line":82,"column":0},"end":{"line":82,"column":13}},"82":{"start":{"line":83,"column":0},"end":{"line":83,"column":66}},"83":{"start":{"line":84,"column":0},"end":{"line":84,"column":20}},"84":{"start":{"line":85,"column":0},"end":{"line":85,"column":21}},"85":{"start":{"line":86,"column":0},"end":{"line":86,"column":20}},"86":{"start":{"line":87,"column":0},"end":{"line":87,"column":46}},"87":{"start":{"line":88,"column":0},"end":{"line":88,"column":268}},"88":{"start":{"line":89,"column":0},"end":{"line":89,"column":23}},"89":{"start":{"line":90,"column":0},"end":{"line":90,"column":118}},"90":{"start":{"line":91,"column":0},"end":{"line":91,"column":76}},"91":{"start":{"line":92,"column":0},"end":{"line":92,"column":39}},"92":{"start":{"line":93,"column":0},"end":{"line":93,"column":16}},"93":{"start":{"line":94,"column":0},"end":{"line":94,"column":35}},"94":{"start":{"line":95,"column":0},"end":{"line":95,"column":69}},"95":{"start":{"line":96,"column":0},"end":{"line":96,"column":59}},"96":{"start":{"line":97,"column":0},"end":{"line":97,"column":59}},"97":{"start":{"line":98,"column":0},"end":{"line":98,"column":72}},"98":{"start":{"line":99,"column":0},"end":{"line":99,"column":73}},"99":{"start":{"line":100,"column":0},"end":{"line":100,"column":16}},"100":{"start":{"line":101,"column":0},"end":{"line":101,"column":42}},"101":{"start":{"line":102,"column":0},"end":{"line":102,"column":41}},"102":{"start":{"line":103,"column":0},"end":{"line":103,"column":42}},"103":{"start":{"line":104,"column":0},"end":{"line":104,"column":42}},"104":{"start":{"line":105,"column":0},"end":{"line":105,"column":16}},"105":{"start":{"line":106,"column":0},"end":{"line":106,"column":176}},"106":{"start":{"line":107,"column":0},"end":{"line":107,"column":128}},"107":{"start":{"line":108,"column":0},"end":{"line":108,"column":16}},"108":{"start":{"line":109,"column":0},"end":{"line":109,"column":36}},"109":{"start":{"line":110,"column":0},"end":{"line":110,"column":141}},"110":{"start":{"line":111,"column":0},"end":{"line":111,"column":57}},"111":{"start":{"line":112,"column":0},"end":{"line":112,"column":16}},"112":{"start":{"line":113,"column":0},"end":{"line":113,"column":13}},"113":{"start":{"line":114,"column":0},"end":{"line":114,"column":64}},"114":{"start":{"line":115,"column":0},"end":{"line":115,"column":24}},"115":{"start":{"line":116,"column":0},"end":{"line":116,"column":21}},"116":{"start":{"line":117,"column":0},"end":{"line":117,"column":16}},"117":{"start":{"line":118,"column":0},"end":{"line":118,"column":14}},"118":{"start":{"line":119,"column":0},"end":{"line":119,"column":0}},"119":{"start":{"line":120,"column":0},"end":{"line":120,"column":25}},"120":{"start":{"line":121,"column":0},"end":{"line":121,"column":48}},"121":{"start":{"line":122,"column":0},"end":{"line":122,"column":37}},"122":{"start":{"line":123,"column":0},"end":{"line":123,"column":111}},"123":{"start":{"line":124,"column":0},"end":{"line":124,"column":58}},"124":{"start":{"line":125,"column":0},"end":{"line":125,"column":18}},"125":{"start":{"line":126,"column":0},"end":{"line":126,"column":91}},"126":{"start":{"line":127,"column":0},"end":{"line":127,"column":20}},"127":{"start":{"line":128,"column":0},"end":{"line":128,"column":19}},"128":{"start":{"line":129,"column":0},"end":{"line":129,"column":29}},"129":{"start":{"line":130,"column":0},"end":{"line":130,"column":26}},"130":{"start":{"line":131,"column":0},"end":{"line":131,"column":35}},"131":{"start":{"line":132,"column":0},"end":{"line":132,"column":78}},"132":{"start":{"line":133,"column":0},"end":{"line":133,"column":204}},"133":{"start":{"line":134,"column":0},"end":{"line":134,"column":46}},"134":{"start":{"line":135,"column":0},"end":{"line":135,"column":14}},"135":{"start":{"line":136,"column":0},"end":{"line":136,"column":75}},"136":{"start":{"line":137,"column":0},"end":{"line":137,"column":16}},"137":{"start":{"line":138,"column":0},"end":{"line":138,"column":37}},"138":{"start":{"line":139,"column":0},"end":{"line":139,"column":109}},"139":{"start":{"line":140,"column":0},"end":{"line":140,"column":58}},"140":{"start":{"line":141,"column":0},"end":{"line":141,"column":16}},"141":{"start":{"line":142,"column":0},"end":{"line":142,"column":89}},"142":{"start":{"line":143,"column":0},"end":{"line":143,"column":20}},"143":{"start":{"line":144,"column":0},"end":{"line":144,"column":19}},"144":{"start":{"line":145,"column":0},"end":{"line":145,"column":27}},"145":{"start":{"line":146,"column":0},"end":{"line":146,"column":26}},"146":{"start":{"line":147,"column":0},"end":{"line":147,"column":33}},"147":{"start":{"line":148,"column":0},"end":{"line":148,"column":88}},"148":{"start":{"line":149,"column":0},"end":{"line":149,"column":214}},"149":{"start":{"line":150,"column":0},"end":{"line":150,"column":47}},"150":{"start":{"line":151,"column":0},"end":{"line":151,"column":14}},"151":{"start":{"line":152,"column":0},"end":{"line":152,"column":81}},"152":{"start":{"line":153,"column":0},"end":{"line":153,"column":16}},"153":{"start":{"line":154,"column":0},"end":{"line":154,"column":14}},"154":{"start":{"line":155,"column":0},"end":{"line":155,"column":0}},"155":{"start":{"line":156,"column":0},"end":{"line":156,"column":51}},"156":{"start":{"line":157,"column":0},"end":{"line":157,"column":48}},"157":{"start":{"line":158,"column":0},"end":{"line":158,"column":37}},"158":{"start":{"line":159,"column":0},"end":{"line":159,"column":111}},"159":{"start":{"line":160,"column":0},"end":{"line":160,"column":57}},"160":{"start":{"line":161,"column":0},"end":{"line":161,"column":18}},"161":{"start":{"line":162,"column":0},"end":{"line":162,"column":91}},"162":{"start":{"line":163,"column":0},"end":{"line":163,"column":20}},"163":{"start":{"line":164,"column":0},"end":{"line":164,"column":19}},"164":{"start":{"line":165,"column":0},"end":{"line":165,"column":29}},"165":{"start":{"line":166,"column":0},"end":{"line":166,"column":26}},"166":{"start":{"line":167,"column":0},"end":{"line":167,"column":35}},"167":{"start":{"line":168,"column":0},"end":{"line":168,"column":78}},"168":{"start":{"line":169,"column":0},"end":{"line":169,"column":204}},"169":{"start":{"line":170,"column":0},"end":{"line":170,"column":56}},"170":{"start":{"line":171,"column":0},"end":{"line":171,"column":14}},"171":{"start":{"line":172,"column":0},"end":{"line":172,"column":86}},"172":{"start":{"line":173,"column":0},"end":{"line":173,"column":16}},"173":{"start":{"line":174,"column":0},"end":{"line":174,"column":37}},"174":{"start":{"line":175,"column":0},"end":{"line":175,"column":112}},"175":{"start":{"line":176,"column":0},"end":{"line":176,"column":57}},"176":{"start":{"line":177,"column":0},"end":{"line":177,"column":25}},"177":{"start":{"line":178,"column":0},"end":{"line":178,"column":92}},"178":{"start":{"line":179,"column":0},"end":{"line":179,"column":20}},"179":{"start":{"line":180,"column":0},"end":{"line":180,"column":20}},"180":{"start":{"line":181,"column":0},"end":{"line":181,"column":30}},"181":{"start":{"line":182,"column":0},"end":{"line":182,"column":36}},"182":{"start":{"line":183,"column":0},"end":{"line":183,"column":79}},"183":{"start":{"line":184,"column":0},"end":{"line":184,"column":177}},"184":{"start":{"line":185,"column":0},"end":{"line":185,"column":13}},"185":{"start":{"line":186,"column":0},"end":{"line":186,"column":81}},"186":{"start":{"line":187,"column":0},"end":{"line":187,"column":21}},"187":{"start":{"line":188,"column":0},"end":{"line":188,"column":85}},"188":{"start":{"line":189,"column":0},"end":{"line":189,"column":16}},"189":{"start":{"line":190,"column":0},"end":{"line":190,"column":14}},"190":{"start":{"line":191,"column":0},"end":{"line":191,"column":0}},"191":{"start":{"line":192,"column":0},"end":{"line":192,"column":36}},"192":{"start":{"line":193,"column":0},"end":{"line":193,"column":35}},"193":{"start":{"line":194,"column":0},"end":{"line":194,"column":109}},"194":{"start":{"line":195,"column":0},"end":{"line":195,"column":58}},"195":{"start":{"line":196,"column":0},"end":{"line":196,"column":16}},"196":{"start":{"line":197,"column":0},"end":{"line":197,"column":89}},"197":{"start":{"line":198,"column":0},"end":{"line":198,"column":18}},"198":{"start":{"line":199,"column":0},"end":{"line":199,"column":20}},"199":{"start":{"line":200,"column":0},"end":{"line":200,"column":27}},"200":{"start":{"line":201,"column":0},"end":{"line":201,"column":33}},"201":{"start":{"line":202,"column":0},"end":{"line":202,"column":76}},"202":{"start":{"line":203,"column":0},"end":{"line":203,"column":217}},"203":{"start":{"line":204,"column":0},"end":{"line":204,"column":68}},"204":{"start":{"line":205,"column":0},"end":{"line":205,"column":12}},"205":{"start":{"line":206,"column":0},"end":{"line":206,"column":124}},"206":{"start":{"line":207,"column":0},"end":{"line":207,"column":14}},"207":{"start":{"line":208,"column":0},"end":{"line":208,"column":0}},"208":{"start":{"line":209,"column":0},"end":{"line":209,"column":46}},"209":{"start":{"line":210,"column":0},"end":{"line":210,"column":35}},"210":{"start":{"line":211,"column":0},"end":{"line":211,"column":61}},"211":{"start":{"line":212,"column":0},"end":{"line":212,"column":116}},"212":{"start":{"line":213,"column":0},"end":{"line":213,"column":62}},"213":{"start":{"line":214,"column":0},"end":{"line":214,"column":23}},"214":{"start":{"line":215,"column":0},"end":{"line":215,"column":88}},"215":{"start":{"line":216,"column":0},"end":{"line":216,"column":20}},"216":{"start":{"line":217,"column":0},"end":{"line":217,"column":20}},"217":{"start":{"line":218,"column":0},"end":{"line":218,"column":41}},"218":{"start":{"line":219,"column":0},"end":{"line":219,"column":73}},"219":{"start":{"line":220,"column":0},"end":{"line":220,"column":131}},"220":{"start":{"line":221,"column":0},"end":{"line":221,"column":13}},"221":{"start":{"line":222,"column":0},"end":{"line":222,"column":36}},"222":{"start":{"line":223,"column":0},"end":{"line":223,"column":67}},"223":{"start":{"line":224,"column":0},"end":{"line":224,"column":21}},"224":{"start":{"line":225,"column":0},"end":{"line":225,"column":16}},"225":{"start":{"line":226,"column":0},"end":{"line":226,"column":20}},"226":{"start":{"line":227,"column":0},"end":{"line":227,"column":32}},"227":{"start":{"line":228,"column":0},"end":{"line":228,"column":38}},"228":{"start":{"line":229,"column":0},"end":{"line":229,"column":81}},"229":{"start":{"line":230,"column":0},"end":{"line":230,"column":217}},"230":{"start":{"line":231,"column":0},"end":{"line":231,"column":89}},"231":{"start":{"line":232,"column":0},"end":{"line":232,"column":12}},"232":{"start":{"line":233,"column":0},"end":{"line":233,"column":116}},"233":{"start":{"line":234,"column":0},"end":{"line":234,"column":14}},"234":{"start":{"line":235,"column":0},"end":{"line":235,"column":0}},"235":{"start":{"line":236,"column":0},"end":{"line":236,"column":21}},"236":{"start":{"line":237,"column":0},"end":{"line":237,"column":35}},"237":{"start":{"line":238,"column":0},"end":{"line":238,"column":88}},"238":{"start":{"line":239,"column":0},"end":{"line":239,"column":58}},"239":{"start":{"line":240,"column":0},"end":{"line":240,"column":17}},"240":{"start":{"line":241,"column":0},"end":{"line":241,"column":82}},"241":{"start":{"line":242,"column":0},"end":{"line":242,"column":106}},"242":{"start":{"line":243,"column":0},"end":{"line":243,"column":18}},"243":{"start":{"line":244,"column":0},"end":{"line":244,"column":105}},"244":{"start":{"line":245,"column":0},"end":{"line":245,"column":42}},"245":{"start":{"line":246,"column":0},"end":{"line":246,"column":21}},"246":{"start":{"line":247,"column":0},"end":{"line":247,"column":26}},"247":{"start":{"line":248,"column":0},"end":{"line":248,"column":48}},"248":{"start":{"line":249,"column":0},"end":{"line":249,"column":108}},"249":{"start":{"line":250,"column":0},"end":{"line":250,"column":47}},"250":{"start":{"line":251,"column":0},"end":{"line":251,"column":118}},"251":{"start":{"line":252,"column":0},"end":{"line":252,"column":112}},"252":{"start":{"line":253,"column":0},"end":{"line":253,"column":19}},"253":{"start":{"line":254,"column":0},"end":{"line":254,"column":25}},"254":{"start":{"line":255,"column":0},"end":{"line":255,"column":120}},"255":{"start":{"line":256,"column":0},"end":{"line":256,"column":78}},"256":{"start":{"line":257,"column":0},"end":{"line":257,"column":41}},"257":{"start":{"line":258,"column":0},"end":{"line":258,"column":18}},"258":{"start":{"line":259,"column":0},"end":{"line":259,"column":37}},"259":{"start":{"line":260,"column":0},"end":{"line":260,"column":71}},"260":{"start":{"line":261,"column":0},"end":{"line":261,"column":61}},"261":{"start":{"line":262,"column":0},"end":{"line":262,"column":61}},"262":{"start":{"line":263,"column":0},"end":{"line":263,"column":74}},"263":{"start":{"line":264,"column":0},"end":{"line":264,"column":75}},"264":{"start":{"line":265,"column":0},"end":{"line":265,"column":18}},"265":{"start":{"line":266,"column":0},"end":{"line":266,"column":44}},"266":{"start":{"line":267,"column":0},"end":{"line":267,"column":43}},"267":{"start":{"line":268,"column":0},"end":{"line":268,"column":44}},"268":{"start":{"line":269,"column":0},"end":{"line":269,"column":44}},"269":{"start":{"line":270,"column":0},"end":{"line":270,"column":18}},"270":{"start":{"line":271,"column":0},"end":{"line":271,"column":67}},"271":{"start":{"line":272,"column":0},"end":{"line":272,"column":102}},"272":{"start":{"line":273,"column":0},"end":{"line":273,"column":18}},"273":{"start":{"line":274,"column":0},"end":{"line":274,"column":178}},"274":{"start":{"line":275,"column":0},"end":{"line":275,"column":119}},"275":{"start":{"line":276,"column":0},"end":{"line":276,"column":18}},"276":{"start":{"line":277,"column":0},"end":{"line":277,"column":38}},"277":{"start":{"line":278,"column":0},"end":{"line":278,"column":143}},"278":{"start":{"line":279,"column":0},"end":{"line":279,"column":127}},"279":{"start":{"line":280,"column":0},"end":{"line":280,"column":18}},"280":{"start":{"line":281,"column":0},"end":{"line":281,"column":15}},"281":{"start":{"line":282,"column":0},"end":{"line":282,"column":22}},"282":{"start":{"line":283,"column":0},"end":{"line":283,"column":23}},"283":{"start":{"line":284,"column":0},"end":{"line":284,"column":15}},"284":{"start":{"line":285,"column":0},"end":{"line":285,"column":16}},"285":{"start":{"line":286,"column":0},"end":{"line":286,"column":122}},"286":{"start":{"line":287,"column":0},"end":{"line":287,"column":14}},"287":{"start":{"line":288,"column":0},"end":{"line":288,"column":0}},"288":{"start":{"line":289,"column":0},"end":{"line":289,"column":23}},"289":{"start":{"line":290,"column":0},"end":{"line":290,"column":82}},"290":{"start":{"line":291,"column":0},"end":{"line":291,"column":93}},"291":{"start":{"line":292,"column":0},"end":{"line":292,"column":61}},"292":{"start":{"line":293,"column":0},"end":{"line":293,"column":25}},"293":{"start":{"line":294,"column":0},"end":{"line":294,"column":18}},"294":{"start":{"line":295,"column":0},"end":{"line":295,"column":38}},"295":{"start":{"line":296,"column":0},"end":{"line":296,"column":76}},"296":{"start":{"line":297,"column":0},"end":{"line":297,"column":21}},"297":{"start":{"line":298,"column":0},"end":{"line":298,"column":31}},"298":{"start":{"line":299,"column":0},"end":{"line":299,"column":50}},"299":{"start":{"line":300,"column":0},"end":{"line":300,"column":93}},"300":{"start":{"line":301,"column":0},"end":{"line":301,"column":140}},"301":{"start":{"line":302,"column":0},"end":{"line":302,"column":16}},"302":{"start":{"line":303,"column":0},"end":{"line":303,"column":19}},"303":{"start":{"line":304,"column":0},"end":{"line":304,"column":121}},"304":{"start":{"line":305,"column":0},"end":{"line":305,"column":102}},"305":{"start":{"line":306,"column":0},"end":{"line":306,"column":20}},"306":{"start":{"line":307,"column":0},"end":{"line":307,"column":20}},"307":{"start":{"line":308,"column":0},"end":{"line":308,"column":76}},"308":{"start":{"line":309,"column":0},"end":{"line":309,"column":21}},"309":{"start":{"line":310,"column":0},"end":{"line":310,"column":31}},"310":{"start":{"line":311,"column":0},"end":{"line":311,"column":42}},"311":{"start":{"line":312,"column":0},"end":{"line":312,"column":85}},"312":{"start":{"line":313,"column":0},"end":{"line":313,"column":140}},"313":{"start":{"line":314,"column":0},"end":{"line":314,"column":16}},"314":{"start":{"line":315,"column":0},"end":{"line":315,"column":19}},"315":{"start":{"line":316,"column":0},"end":{"line":316,"column":120}},"316":{"start":{"line":317,"column":0},"end":{"line":317,"column":93}},"317":{"start":{"line":318,"column":0},"end":{"line":318,"column":20}},"318":{"start":{"line":319,"column":0},"end":{"line":319,"column":20}},"319":{"start":{"line":320,"column":0},"end":{"line":320,"column":16}},"320":{"start":{"line":321,"column":0},"end":{"line":321,"column":14}},"321":{"start":{"line":322,"column":0},"end":{"line":322,"column":0}},"322":{"start":{"line":323,"column":0},"end":{"line":323,"column":28}},"323":{"start":{"line":324,"column":0},"end":{"line":324,"column":79}},"324":{"start":{"line":325,"column":0},"end":{"line":325,"column":56}},"325":{"start":{"line":326,"column":0},"end":{"line":326,"column":70}},"326":{"start":{"line":327,"column":0},"end":{"line":327,"column":73}},"327":{"start":{"line":328,"column":0},"end":{"line":328,"column":72}},"328":{"start":{"line":329,"column":0},"end":{"line":329,"column":97}},"329":{"start":{"line":330,"column":0},"end":{"line":330,"column":16}},"330":{"start":{"line":331,"column":0},"end":{"line":331,"column":76}},"331":{"start":{"line":332,"column":0},"end":{"line":332,"column":18}},"332":{"start":{"line":333,"column":0},"end":{"line":333,"column":40}},"333":{"start":{"line":334,"column":0},"end":{"line":334,"column":43}},"334":{"start":{"line":335,"column":0},"end":{"line":335,"column":47}},"335":{"start":{"line":336,"column":0},"end":{"line":336,"column":47}},"336":{"start":{"line":337,"column":0},"end":{"line":337,"column":110}},"337":{"start":{"line":338,"column":0},"end":{"line":338,"column":125}},"338":{"start":{"line":339,"column":0},"end":{"line":339,"column":40}},"339":{"start":{"line":340,"column":0},"end":{"line":340,"column":70}},"340":{"start":{"line":341,"column":0},"end":{"line":341,"column":47}},"341":{"start":{"line":342,"column":0},"end":{"line":342,"column":32}},"342":{"start":{"line":343,"column":0},"end":{"line":343,"column":19}},"343":{"start":{"line":344,"column":0},"end":{"line":344,"column":16}},"344":{"start":{"line":345,"column":0},"end":{"line":345,"column":14}},"345":{"start":{"line":346,"column":0},"end":{"line":346,"column":0}},"346":{"start":{"line":347,"column":0},"end":{"line":347,"column":12}},"347":{"start":{"line":348,"column":0},"end":{"line":348,"column":10}},"348":{"start":{"line":349,"column":0},"end":{"line":349,"column":4}},"349":{"start":{"line":350,"column":0},"end":{"line":350,"column":3}},"350":{"start":{"line":351,"column":0},"end":{"line":351,"column":0}},"351":{"start":{"line":352,"column":0},"end":{"line":352,"column":36}},"352":{"start":{"line":353,"column":0},"end":{"line":353,"column":0}},"353":{"start":{"line":354,"column":0},"end":{"line":354,"column":25}}},"s":{"0":1,"1":1,"2":1,"3":1,"4":1,"5":1,"6":1,"7":1,"8":1,"9":1,"10":1,"11":1,"12":1,"13":119,"14":119,"15":119,"16":119,"17":119,"18":28,"19":119,"20":119,"21":119,"22":3,"23":3,"24":3,"25":3,"26":2,"27":3,"28":1,"29":1,"30":3,"31":119,"32":119,"33":119,"34":2,"35":2,"36":2,"37":1,"38":1,"39":2,"40":119,"41":119,"42":119,"43":119,"44":119,"45":119,"46":119,"47":119,"48":119,"49":119,"50":119,"51":119,"52":119,"53":119,"54":119,"55":119,"56":119,"57":119,"58":119,"59":119,"60":119,"61":119,"62":119,"63":3,"64":3,"65":3,"66":3,"67":3,"68":3,"69":3,"70":3,"71":3,"72":3,"73":3,"74":3,"75":3,"76":3,"77":119,"78":0,"79":0,"80":0,"81":119,"82":119,"83":119,"84":119,"85":119,"86":119,"87":119,"88":119,"89":119,"90":119,"91":119,"92":119,"93":119,"94":1,"95":1,"96":1,"97":1,"98":1,"99":1,"100":1,"101":1,"102":1,"103":1,"104":1,"105":1,"106":1,"107":1,"108":119,"109":0,"110":0,"111":0,"112":119,"113":119,"114":119,"115":119,"116":119,"117":119,"118":119,"119":119,"120":119,"121":119,"122":119,"123":119,"124":119,"125":119,"126":119,"127":119,"128":119,"129":119,"130":119,"131":119,"132":119,"133":119,"134":119,"135":119,"136":119,"137":119,"138":119,"139":119,"140":119,"141":119,"142":119,"143":119,"144":119,"145":119,"146":119,"147":119,"148":119,"149":119,"150":119,"151":119,"152":119,"153":119,"154":119,"155":119,"156":119,"157":119,"158":119,"159":119,"160":119,"161":119,"162":119,"163":119,"164":119,"165":119,"166":119,"167":119,"168":119,"169":119,"170":119,"171":119,"172":119,"173":119,"174":119,"175":119,"176":119,"177":119,"178":119,"179":119,"180":119,"181":119,"182":119,"183":119,"184":119,"185":119,"186":119,"187":119,"188":119,"189":119,"190":119,"191":119,"192":119,"193":119,"194":119,"195":119,"196":119,"197":119,"198":119,"199":119,"200":119,"201":119,"202":119,"203":119,"204":119,"205":119,"206":119,"207":119,"208":119,"209":119,"210":119,"211":119,"212":119,"213":119,"214":119,"215":119,"216":119,"217":119,"218":119,"219":119,"220":119,"221":119,"222":119,"223":119,"224":119,"225":119,"226":119,"227":119,"228":119,"229":119,"230":119,"231":119,"232":119,"233":119,"234":119,"235":119,"236":119,"237":119,"238":119,"239":119,"240":119,"241":119,"242":119,"243":119,"244":119,"245":1190,"246":1190,"247":1190,"248":1190,"249":1190,"250":117,"251":1073,"252":1190,"253":1190,"254":1190,"255":1190,"256":1190,"257":1190,"258":1190,"259":2,"260":2,"261":2,"262":2,"263":2,"264":2,"265":2,"266":2,"267":2,"268":2,"269":2,"270":2,"271":2,"272":2,"273":2,"274":2,"275":2,"276":1190,"277":0,"278":0,"279":0,"280":1190,"281":1190,"282":1190,"283":119,"284":119,"285":119,"286":119,"287":119,"288":119,"289":119,"290":119,"291":119,"292":119,"293":119,"294":119,"295":119,"296":119,"297":119,"298":119,"299":119,"300":119,"301":119,"302":119,"303":119,"304":119,"305":119,"306":119,"307":119,"308":119,"309":119,"310":119,"311":119,"312":119,"313":119,"314":119,"315":119,"316":119,"317":119,"318":119,"319":119,"320":119,"321":119,"322":119,"323":119,"324":119,"325":119,"326":119,"327":119,"328":119,"329":119,"330":119,"331":119,"332":119,"333":119,"334":119,"335":119,"336":119,"337":119,"338":119,"339":119,"340":119,"341":119,"342":119,"343":119,"344":119,"345":119,"346":119,"347":119,"348":119,"349":119,"350":1,"351":1,"352":1,"353":1},"branchMap":{"0":{"type":"branch","line":13,"loc":{"start":{"line":13,"column":55},"end":{"line":350,"column":3}},"locations":[{"start":{"line":13,"column":55},"end":{"line":350,"column":3}}]},"1":{"type":"branch","line":219,"loc":{"start":{"line":219,"column":24},"end":{"line":219,"column":58}},"locations":[{"start":{"line":219,"column":24},"end":{"line":219,"column":58}}]},"2":{"type":"branch","line":219,"loc":{"start":{"line":219,"column":50},"end":{"line":219,"column":73}},"locations":[{"start":{"line":219,"column":50},"end":{"line":219,"column":73}}]},"3":{"type":"branch","line":223,"loc":{"start":{"line":223,"column":15},"end":{"line":223,"column":48}},"locations":[{"start":{"line":223,"column":15},"end":{"line":223,"column":48}}]},"4":{"type":"branch","line":223,"loc":{"start":{"line":223,"column":30},"end":{"line":223,"column":67}},"locations":[{"start":{"line":223,"column":30},"end":{"line":223,"column":67}}]},"5":{"type":"branch","line":333,"loc":{"start":{"line":333,"column":26},"end":{"line":333,"column":38}},"locations":[{"start":{"line":333,"column":26},"end":{"line":333,"column":38}}]},"6":{"type":"branch","line":334,"loc":{"start":{"line":334,"column":31},"end":{"line":334,"column":41}},"locations":[{"start":{"line":334,"column":31},"end":{"line":334,"column":41}}]},"7":{"type":"branch","line":335,"loc":{"start":{"line":335,"column":35},"end":{"line":335,"column":45}},"locations":[{"start":{"line":335,"column":35},"end":{"line":335,"column":45}}]},"8":{"type":"branch","line":336,"loc":{"start":{"line":336,"column":35},"end":{"line":336,"column":45}},"locations":[{"start":{"line":336,"column":35},"end":{"line":336,"column":45}}]},"9":{"type":"branch","line":337,"loc":{"start":{"line":337,"column":49},"end":{"line":337,"column":59}},"locations":[{"start":{"line":337,"column":49},"end":{"line":337,"column":59}}]},"10":{"type":"branch","line":337,"loc":{"start":{"line":337,"column":78},"end":{"line":337,"column":93}},"locations":[{"start":{"line":337,"column":78},"end":{"line":337,"column":93}}]},"11":{"type":"branch","line":337,"loc":{"start":{"line":337,"column":93},"end":{"line":337,"column":106}},"locations":[{"start":{"line":337,"column":93},"end":{"line":337,"column":106}}]},"12":{"type":"branch","line":338,"loc":{"start":{"line":338,"column":59},"end":{"line":338,"column":69}},"locations":[{"start":{"line":338,"column":59},"end":{"line":338,"column":69}}]},"13":{"type":"branch","line":338,"loc":{"start":{"line":338,"column":93},"end":{"line":338,"column":108}},"locations":[{"start":{"line":338,"column":93},"end":{"line":338,"column":108}}]},"14":{"type":"branch","line":338,"loc":{"start":{"line":338,"column":108},"end":{"line":338,"column":121}},"locations":[{"start":{"line":338,"column":108},"end":{"line":338,"column":121}}]},"15":{"type":"branch","line":18,"loc":{"start":{"line":18,"column":12},"end":{"line":20,"column":5}},"locations":[{"start":{"line":18,"column":12},"end":{"line":20,"column":5}}]},"16":{"type":"branch","line":22,"loc":{"start":{"line":22,"column":40},"end":{"line":32,"column":5}},"locations":[{"start":{"line":22,"column":40},"end":{"line":32,"column":5}}]},"17":{"type":"branch","line":23,"loc":{"start":{"line":23,"column":42},"end":{"line":23,"column":49}},"locations":[{"start":{"line":23,"column":42},"end":{"line":23,"column":49}}]},"18":{"type":"branch","line":26,"loc":{"start":{"line":26,"column":77},"end":{"line":28,"column":13}},"locations":[{"start":{"line":26,"column":77},"end":{"line":28,"column":13}}]},"19":{"type":"branch","line":28,"loc":{"start":{"line":28,"column":4},"end":{"line":30,"column":5}},"locations":[{"start":{"line":28,"column":4},"end":{"line":30,"column":5}}]},"20":{"type":"branch","line":27,"loc":{"start":{"line":27,"column":18},"end":{"line":27,"column":57}},"locations":[{"start":{"line":27,"column":18},"end":{"line":27,"column":57}}]},"21":{"type":"branch","line":34,"loc":{"start":{"line":34,"column":33},"end":{"line":41,"column":5}},"locations":[{"start":{"line":34,"column":33},"end":{"line":41,"column":5}}]},"22":{"type":"branch","line":35,"loc":{"start":{"line":35,"column":16},"end":{"line":40,"column":6}},"locations":[{"start":{"line":35,"column":16},"end":{"line":40,"column":6}}]},"23":{"type":"branch","line":37,"loc":{"start":{"line":37,"column":37},"end":{"line":38,"column":44}},"locations":[{"start":{"line":37,"column":37},"end":{"line":38,"column":44}}]},"24":{"type":"branch","line":38,"loc":{"start":{"line":38,"column":43},"end":{"line":39,"column":31}},"locations":[{"start":{"line":38,"column":43},"end":{"line":39,"column":31}}]},"25":{"type":"branch","line":38,"loc":{"start":{"line":38,"column":28},"end":{"line":38,"column":43}},"locations":[{"start":{"line":38,"column":28},"end":{"line":38,"column":43}}]},"26":{"type":"branch","line":56,"loc":{"start":{"line":56,"column":23},"end":{"line":56,"column":51}},"locations":[{"start":{"line":56,"column":23},"end":{"line":56,"column":51}}]},"27":{"type":"branch","line":63,"loc":{"start":{"line":63,"column":27},"end":{"line":77,"column":16}},"locations":[{"start":{"line":63,"column":27},"end":{"line":77,"column":16}}]},"28":{"type":"branch","line":87,"loc":{"start":{"line":87,"column":23},"end":{"line":87,"column":46}},"locations":[{"start":{"line":87,"column":23},"end":{"line":87,"column":46}}]},"29":{"type":"branch","line":94,"loc":{"start":{"line":94,"column":27},"end":{"line":108,"column":16}},"locations":[{"start":{"line":94,"column":27},"end":{"line":108,"column":16}}]},"30":{"type":"branch","line":132,"loc":{"start":{"line":132,"column":24},"end":{"line":132,"column":78}},"locations":[{"start":{"line":132,"column":24},"end":{"line":132,"column":78}}]},"31":{"type":"branch","line":148,"loc":{"start":{"line":148,"column":24},"end":{"line":148,"column":88}},"locations":[{"start":{"line":148,"column":24},"end":{"line":148,"column":88}}]},"32":{"type":"branch","line":168,"loc":{"start":{"line":168,"column":24},"end":{"line":168,"column":78}},"locations":[{"start":{"line":168,"column":24},"end":{"line":168,"column":78}}]},"33":{"type":"branch","line":183,"loc":{"start":{"line":183,"column":24},"end":{"line":183,"column":79}},"locations":[{"start":{"line":183,"column":24},"end":{"line":183,"column":79}}]},"34":{"type":"branch","line":186,"loc":{"start":{"line":186,"column":36},"end":{"line":186,"column":79}},"locations":[{"start":{"line":186,"column":36},"end":{"line":186,"column":79}}]},"35":{"type":"branch","line":202,"loc":{"start":{"line":202,"column":22},"end":{"line":202,"column":76}},"locations":[{"start":{"line":202,"column":22},"end":{"line":202,"column":76}}]},"36":{"type":"branch","line":229,"loc":{"start":{"line":229,"column":22},"end":{"line":229,"column":81}},"locations":[{"start":{"line":229,"column":22},"end":{"line":229,"column":81}}]},"37":{"type":"branch","line":245,"loc":{"start":{"line":245,"column":33},"end":{"line":283,"column":23}},"locations":[{"start":{"line":245,"column":33},"end":{"line":283,"column":23}}]},"38":{"type":"branch","line":250,"loc":{"start":{"line":250,"column":46},"end":{"line":251,"column":118}},"locations":[{"start":{"line":250,"column":46},"end":{"line":251,"column":118}}]},"39":{"type":"branch","line":251,"loc":{"start":{"line":251,"column":22},"end":{"line":252,"column":112}},"locations":[{"start":{"line":251,"column":22},"end":{"line":252,"column":112}}]},"40":{"type":"branch","line":248,"loc":{"start":{"line":248,"column":25},"end":{"line":248,"column":48}},"locations":[{"start":{"line":248,"column":25},"end":{"line":248,"column":48}}]},"41":{"type":"branch","line":259,"loc":{"start":{"line":259,"column":29},"end":{"line":276,"column":18}},"locations":[{"start":{"line":259,"column":29},"end":{"line":276,"column":18}}]},"42":{"type":"branch","line":272,"loc":{"start":{"line":272,"column":36},"end":{"line":272,"column":76}},"locations":[{"start":{"line":272,"column":36},"end":{"line":272,"column":76}}]},"43":{"type":"branch","line":272,"loc":{"start":{"line":272,"column":49},"end":{"line":272,"column":102}},"locations":[{"start":{"line":272,"column":49},"end":{"line":272,"column":102}}]},"44":{"type":"branch","line":300,"loc":{"start":{"line":300,"column":26},"end":{"line":300,"column":93}},"locations":[{"start":{"line":300,"column":26},"end":{"line":300,"column":93}}]},"45":{"type":"branch","line":312,"loc":{"start":{"line":312,"column":26},"end":{"line":312,"column":85}},"locations":[{"start":{"line":312,"column":26},"end":{"line":312,"column":85}}]},"46":{"type":"branch","line":340,"loc":{"start":{"line":340,"column":31},"end":{"line":340,"column":56}},"locations":[{"start":{"line":340,"column":31},"end":{"line":340,"column":56}}]}},"b":{"0":[119],"1":[113],"2":[110],"3":[6],"4":[113],"5":[2],"6":[2],"7":[2],"8":[3],"9":[3],"10":[3],"11":[0],"12":[5],"13":[5],"14":[0],"15":[28],"16":[3],"17":[0],"18":[2],"19":[1],"20":[2],"21":[2],"22":[2],"23":[1],"24":[1],"25":[1],"26":[3],"27":[3],"28":[1],"29":[1],"30":[15],"31":[13],"32":[15],"33":[1],"34":[833],"35":[9],"36":[14],"37":[1190],"38":[117],"39":[1073],"40":[2],"41":[2],"42":[1],"43":[1],"44":[1],"45":[1],"46":[117]},"fnMap":{"0":{"name":"onClick","decl":{"start":{"line":56,"column":23},"end":{"line":56,"column":51}},"loc":{"start":{"line":56,"column":23},"end":{"line":56,"column":51}},"line":56},"1":{"name":"onMouseMove","decl":{"start":{"line":63,"column":27},"end":{"line":77,"column":16}},"loc":{"start":{"line":63,"column":27},"end":{"line":77,"column":16}},"line":63},"2":{"name":"onMouseLeave","decl":{"start":{"line":78,"column":28},"end":{"line":81,"column":16}},"loc":{"start":{"line":78,"column":28},"end":{"line":81,"column":16}},"line":78},"3":{"name":"onClick","decl":{"start":{"line":87,"column":23},"end":{"line":87,"column":46}},"loc":{"start":{"line":87,"column":23},"end":{"line":87,"column":46}},"line":87},"4":{"name":"onMouseMove","decl":{"start":{"line":94,"column":27},"end":{"line":108,"column":16}},"loc":{"start":{"line":94,"column":27},"end":{"line":108,"column":16}},"line":94},"5":{"name":"onMouseLeave","decl":{"start":{"line":109,"column":28},"end":{"line":112,"column":16}},"loc":{"start":{"line":109,"column":28},"end":{"line":112,"column":16}},"line":109},"6":{"name":"onChange","decl":{"start":{"line":132,"column":24},"end":{"line":132,"column":78}},"loc":{"start":{"line":132,"column":24},"end":{"line":132,"column":78}},"line":132},"7":{"name":"onChange","decl":{"start":{"line":148,"column":24},"end":{"line":148,"column":88}},"loc":{"start":{"line":148,"column":24},"end":{"line":148,"column":88}},"line":148},"8":{"name":"onChange","decl":{"start":{"line":168,"column":24},"end":{"line":168,"column":78}},"loc":{"start":{"line":168,"column":24},"end":{"line":168,"column":78}},"line":168},"9":{"name":"onChange","decl":{"start":{"line":183,"column":24},"end":{"line":183,"column":79}},"loc":{"start":{"line":183,"column":24},"end":{"line":183,"column":79}},"line":183},"10":{"name":"onChange","decl":{"start":{"line":202,"column":22},"end":{"line":202,"column":76}},"loc":{"start":{"line":202,"column":22},"end":{"line":202,"column":76}},"line":202},"11":{"name":"onChange","decl":{"start":{"line":229,"column":22},"end":{"line":229,"column":81}},"loc":{"start":{"line":229,"column":22},"end":{"line":229,"column":81}},"line":229},"12":{"name":"onClick","decl":{"start":{"line":248,"column":25},"end":{"line":248,"column":48}},"loc":{"start":{"line":248,"column":25},"end":{"line":248,"column":48}},"line":248},"13":{"name":"onMouseMove","decl":{"start":{"line":259,"column":29},"end":{"line":276,"column":18}},"loc":{"start":{"line":259,"column":29},"end":{"line":276,"column":18}},"line":259},"14":{"name":"onMouseLeave","decl":{"start":{"line":277,"column":30},"end":{"line":280,"column":18}},"loc":{"start":{"line":277,"column":30},"end":{"line":280,"column":18}},"line":277},"15":{"name":"onChange","decl":{"start":{"line":300,"column":26},"end":{"line":300,"column":93}},"loc":{"start":{"line":300,"column":26},"end":{"line":300,"column":93}},"line":300},"16":{"name":"onChange","decl":{"start":{"line":312,"column":26},"end":{"line":312,"column":85}},"loc":{"start":{"line":312,"column":26},"end":{"line":312,"column":85}},"line":312}},"f":{"0":3,"1":3,"2":0,"3":1,"4":1,"5":0,"6":15,"7":13,"8":15,"9":1,"10":9,"11":14,"12":2,"13":2,"14":0,"15":1,"16":1}}
,"/Users/buda007/Desktop/crewai-orchestrator-ui/components/AgentList.tsx": {"path":"/Users/buda007/Desktop/crewai-orchestrator-ui/components/AgentList.tsx","all":false,"statementMap":{"0":{"start":{"line":1,"column":0},"end":{"line":1,"column":26}},"1":{"start":{"line":2,"column":0},"end":{"line":2,"column":39}},"2":{"start":{"line":3,"column":0},"end":{"line":3,"column":41}},"3":{"start":{"line":4,"column":0},"end":{"line":4,"column":0}},"4":{"start":{"line":5,"column":0},"end":{"line":5,"column":26}},"5":{"start":{"line":6,"column":0},"end":{"line":6,"column":24}},"6":{"start":{"line":7,"column":0},"end":{"line":7,"column":27}},"7":{"start":{"line":8,"column":0},"end":{"line":8,"column":39}},"8":{"start":{"line":9,"column":0},"end":{"line":9,"column":23}},"9":{"start":{"line":10,"column":0},"end":{"line":10,"column":1}},"10":{"start":{"line":11,"column":0},"end":{"line":11,"column":0}},"11":{"start":{"line":12,"column":0},"end":{"line":12,"column":101}},"12":{"start":{"line":13,"column":0},"end":{"line":13,"column":10}},"13":{"start":{"line":14,"column":0},"end":{"line":14,"column":139}},"14":{"start":{"line":15,"column":0},"end":{"line":15,"column":62}},"15":{"start":{"line":16,"column":0},"end":{"line":16,"column":12}},"16":{"start":{"line":17,"column":0},"end":{"line":17,"column":66}},"17":{"start":{"line":18,"column":0},"end":{"line":18,"column":19}},"18":{"start":{"line":19,"column":0},"end":{"line":19,"column":114}},"19":{"start":{"line":20,"column":0},"end":{"line":20,"column":72}},"20":{"start":{"line":21,"column":0},"end":{"line":21,"column":35}},"21":{"start":{"line":22,"column":0},"end":{"line":22,"column":12}},"22":{"start":{"line":23,"column":0},"end":{"line":23,"column":31}},"23":{"start":{"line":24,"column":0},"end":{"line":24,"column":65}},"24":{"start":{"line":25,"column":0},"end":{"line":25,"column":55}},"25":{"start":{"line":26,"column":0},"end":{"line":26,"column":55}},"26":{"start":{"line":27,"column":0},"end":{"line":27,"column":68}},"27":{"start":{"line":28,"column":0},"end":{"line":28,"column":69}},"28":{"start":{"line":29,"column":0},"end":{"line":29,"column":12}},"29":{"start":{"line":30,"column":0},"end":{"line":30,"column":38}},"30":{"start":{"line":31,"column":0},"end":{"line":31,"column":37}},"31":{"start":{"line":32,"column":0},"end":{"line":32,"column":38}},"32":{"start":{"line":33,"column":0},"end":{"line":33,"column":38}},"33":{"start":{"line":34,"column":0},"end":{"line":34,"column":12}},"34":{"start":{"line":35,"column":0},"end":{"line":35,"column":172}},"35":{"start":{"line":36,"column":0},"end":{"line":36,"column":125}},"36":{"start":{"line":37,"column":0},"end":{"line":37,"column":12}},"37":{"start":{"line":38,"column":0},"end":{"line":38,"column":32}},"38":{"start":{"line":39,"column":0},"end":{"line":39,"column":137}},"39":{"start":{"line":40,"column":0},"end":{"line":40,"column":54}},"40":{"start":{"line":41,"column":0},"end":{"line":41,"column":12}},"41":{"start":{"line":42,"column":0},"end":{"line":42,"column":9}},"42":{"start":{"line":43,"column":0},"end":{"line":43,"column":16}},"43":{"start":{"line":44,"column":0},"end":{"line":44,"column":13}},"44":{"start":{"line":45,"column":0},"end":{"line":45,"column":36}},"45":{"start":{"line":46,"column":0},"end":{"line":46,"column":18}},"46":{"start":{"line":47,"column":0},"end":{"line":47,"column":30}},"47":{"start":{"line":48,"column":0},"end":{"line":48,"column":99}},"48":{"start":{"line":49,"column":0},"end":{"line":49,"column":36}},"49":{"start":{"line":50,"column":0},"end":{"line":50,"column":41}},"50":{"start":{"line":51,"column":0},"end":{"line":51,"column":21}},"51":{"start":{"line":52,"column":0},"end":{"line":52,"column":116}},"52":{"start":{"line":53,"column":0},"end":{"line":53,"column":74}},"53":{"start":{"line":54,"column":0},"end":{"line":54,"column":37}},"54":{"start":{"line":55,"column":0},"end":{"line":55,"column":14}},"55":{"start":{"line":56,"column":0},"end":{"line":56,"column":33}},"56":{"start":{"line":57,"column":0},"end":{"line":57,"column":67}},"57":{"start":{"line":58,"column":0},"end":{"line":58,"column":57}},"58":{"start":{"line":59,"column":0},"end":{"line":59,"column":57}},"59":{"start":{"line":60,"column":0},"end":{"line":60,"column":70}},"60":{"start":{"line":61,"column":0},"end":{"line":61,"column":71}},"61":{"start":{"line":62,"column":0},"end":{"line":62,"column":14}},"62":{"start":{"line":63,"column":0},"end":{"line":63,"column":40}},"63":{"start":{"line":64,"column":0},"end":{"line":64,"column":39}},"64":{"start":{"line":65,"column":0},"end":{"line":65,"column":40}},"65":{"start":{"line":66,"column":0},"end":{"line":66,"column":40}},"66":{"start":{"line":67,"column":0},"end":{"line":67,"column":14}},"67":{"start":{"line":68,"column":0},"end":{"line":68,"column":174}},"68":{"start":{"line":69,"column":0},"end":{"line":69,"column":126}},"69":{"start":{"line":70,"column":0},"end":{"line":70,"column":14}},"70":{"start":{"line":71,"column":0},"end":{"line":71,"column":34}},"71":{"start":{"line":72,"column":0},"end":{"line":72,"column":139}},"72":{"start":{"line":73,"column":0},"end":{"line":73,"column":55}},"73":{"start":{"line":74,"column":0},"end":{"line":74,"column":14}},"74":{"start":{"line":75,"column":0},"end":{"line":75,"column":11}},"75":{"start":{"line":76,"column":0},"end":{"line":76,"column":138}},"76":{"start":{"line":77,"column":0},"end":{"line":77,"column":19}},"77":{"start":{"line":78,"column":0},"end":{"line":78,"column":14}},"78":{"start":{"line":79,"column":0},"end":{"line":79,"column":12}},"79":{"start":{"line":80,"column":0},"end":{"line":80,"column":0}},"80":{"start":{"line":81,"column":0},"end":{"line":81,"column":33}},"81":{"start":{"line":82,"column":0},"end":{"line":82,"column":39}},"82":{"start":{"line":83,"column":0},"end":{"line":83,"column":18}},"83":{"start":{"line":84,"column":0},"end":{"line":84,"column":26}},"84":{"start":{"line":85,"column":0},"end":{"line":85,"column":41}},"85":{"start":{"line":86,"column":0},"end":{"line":86,"column":86}},"86":{"start":{"line":87,"column":0},"end":{"line":87,"column":37}},"87":{"start":{"line":88,"column":0},"end":{"line":88,"column":92}},"88":{"start":{"line":89,"column":0},"end":{"line":89,"column":143}},"89":{"start":{"line":90,"column":0},"end":{"line":90,"column":15}},"90":{"start":{"line":91,"column":0},"end":{"line":91,"column":21}},"91":{"start":{"line":92,"column":0},"end":{"line":92,"column":116}},"92":{"start":{"line":93,"column":0},"end":{"line":93,"column":74}},"93":{"start":{"line":94,"column":0},"end":{"line":94,"column":37}},"94":{"start":{"line":95,"column":0},"end":{"line":95,"column":14}},"95":{"start":{"line":96,"column":0},"end":{"line":96,"column":33}},"96":{"start":{"line":97,"column":0},"end":{"line":97,"column":67}},"97":{"start":{"line":98,"column":0},"end":{"line":98,"column":57}},"98":{"start":{"line":99,"column":0},"end":{"line":99,"column":57}},"99":{"start":{"line":100,"column":0},"end":{"line":100,"column":70}},"100":{"start":{"line":101,"column":0},"end":{"line":101,"column":71}},"101":{"start":{"line":102,"column":0},"end":{"line":102,"column":14}},"102":{"start":{"line":103,"column":0},"end":{"line":103,"column":40}},"103":{"start":{"line":104,"column":0},"end":{"line":1
[...]
,"/Users/buda007/Desktop/crewai-orchestrator-ui/services/gemini.ts": {"path":"/Users/buda007/Desktop/crewai-orchestrator-ui/services/gemini.ts","all":false,"statementMap":{"0":{"start":{"line":1,"column":0},"end":{"line":1,"column":51}},"1":{"start":{"line":2,"column":0},"end":{"line":2,"column":0}},"2":{"start":{"line":3,"column":0},"end":{"line":3,"column":60}},"3":{"start":{"line":4,"column":0},"end":{"line":4,"column":85}},"4":{"start":{"line":5,"column":0},"end":{"line":5,"column":0}},"5":{"start":{"line":6,"column":0},"end":{"line":6,"column":3}},"6":{"start":{"line":7,"column":0},"end":{"line":7,"column":74}},"7":{"start":{"line":8,"column":0},"end":{"line":8,"column":3}},"8":{"start":{"line":9,"column":0},"end":{"line":9,"column":94}},"9":{"start":{"line":10,"column":0},"end":{"line":10,"column":7}},"10":{"start":{"line":11,"column":0},"end":{"line":11,"column":75}},"11":{"start":{"line":12,"column":0},"end":{"line":12,"column":21}},"12":{"start":{"line":13,"column":0},"end":{"line":13,"column":16}},"13":{"start":{"line":14,"column":0},"end":{"line":14,"column":43}},"14":{"start":{"line":15,"column":0},"end":{"line":15,"column":8}},"15":{"start":{"line":16,"column":0},"end":{"line":16,"column":43}},"16":{"start":{"line":17,"column":0},"end":{"line":17,"column":7}},"17":{"start":{"line":18,"column":0},"end":{"line":18,"column":0}},"18":{"start":{"line":19,"column":0},"end":{"line":19,"column":23}},"19":{"start":{"line":20,"column":0},"end":{"line":20,"column":42}},"20":{"start":{"line":21,"column":0},"end":{"line":21,"column":69}},"21":{"start":{"line":22,"column":0},"end":{"line":22,"column":5}},"22":{"start":{"line":23,"column":0},"end":{"line":23,"column":0}},"23":{"start":{"line":24,"column":0},"end":{"line":24,"column":39}},"24":{"start":{"line":25,"column":0},"end":{"line":25,"column":112}},"25":{"start":{"line":26,"column":0},"end":{"line":26,"column":19}},"26":{"start":{"line":27,"column":0},"end":{"line":27,"column":56}},"27":{"start":{"line":28,"column":0},"end":{"line":28,"column":89}},"28":{"start":{"line":29,"column":0},"end":{"line":29,"column":3}},"29":{"start":{"line":30,"column":0},"end":{"line":30,"column":2}},"30":{"start":{"line":31,"column":0},"end":{"line":31,"column":0}},"31":{"start":{"line":32,"column":0},"end":{"line":32,"column":3}},"32":{"start":{"line":33,"column":0},"end":{"line":33,"column":67}},"33":{"start":{"line":34,"column":0},"end":{"line":34,"column":3}},"34":{"start":{"line":35,"column":0},"end":{"line":35,"column":38}},"35":{"start":{"line":36,"column":0},"end":{"line":36,"column":25}},"36":{"start":{"line":37,"column":0},"end":{"line":37,"column":23}},"37":{"start":{"line":38,"column":0},"end":{"line":38,"column":22}},"38":{"start":{"line":39,"column":0},"end":{"line":39,"column":29}},"39":{"start":{"line":40,"column":0},"end":{"line":40,"column":23}},"40":{"start":{"line":41,"column":0},"end":{"line":41,"column":7}},"41":{"start":{"line":42,"column":0},"end":{"line":42,"column":69}},"42":{"start":{"line":43,"column":0},"end":{"line":43,"column":21}},"43":{"start":{"line":44,"column":0},"end":{"line":44,"column":16}},"44":{"start":{"line":45,"column":0},"end":{"line":45,"column":43}},"45":{"start":{"line":46,"column":0},"end":{"line":46,"column":8}},"46":{"start":{"line":47,"column":0},"end":{"line":47,"column":29}},"47":{"start":{"line":48,"column":0},"end":{"line":48,"column":16}},"48":{"start":{"line":49,"column":0},"end":{"line":49,"column":15}},"49":{"start":{"line":50,"column":0},"end":{"line":50,"column":20}},"50":{"start":{"line":51,"column":0},"end":{"line":51,"column":14}},"51":{"start":{"line":52,"column":0},"end":{"line":52,"column":9}},"52":{"start":{"line":53,"column":0},"end":{"line":53,"column":7}},"53":{"start":{"line":54,"column":0},"end":{"line":54,"column":0}},"54":{"start":{"line":55,"column":0},"end":{"line":55,"column":23}},"55":{"start":{"line":56,"column":0},"end":{"line":56,"column":42}},"56":{"start":{"line":57,"column":0},"end":{"line":57,"column":63}},"57":{"start":{"line":58,"column":0},"end":{"line":58,"column":5}},"58":{"start":{"line":59,"column":0},"end":{"line":59,"column":0}},"59":{"start":{"line":60,"column":0},"end":{"line":60,"column":39}},"60":{"start":{"line":61,"column":0},"end":{"line":61,"column":4}},"61":{"start":{"line":62,"column":0},"end":{"line":62,"column":70}},"62":{"start":{"line":63,"column":0},"end":{"line":63,"column":48}},"63":{"start":{"line":64,"column":0},"end":{"line":64,"column":19}},"64":{"start":{"line":65,"column":0},"end":{"line":65,"column":50}},"65":{"start":{"line":66,"column":0},"end":{"line":66,"column":16}},"66":{"start":{"line":67,"column":0},"end":{"line":67,"column":3}},"67":{"start":{"line":68,"column":0},"end":{"line":68,"column":2}},"68":{"start":{"line":69,"column":0},"end":{"line":69,"column":0}},"69":{"start":{"line":70,"column":0},"end":{"line":70,"column":3}},"70":{"start":{"line":71,"column":0},"end":{"line":71,"column":23}},"71":{"start":{"line":72,"column":0},"end":{"line":72,"column":3}},"72":{"start":{"line":73,"column":0},"end":{"line":73,"column":65}},"73":{"start":{"line":74,"column":0},"end":{"line":74,"column":7}},"74":{"start":{"line":75,"column":0},"end":{"line":75,"column":62}},"75":{"start":{"line":76,"column":0},"end":{"line":76,"column":39}},"76":{"start":{"line":77,"column":0},"end":{"line":77,"column":44}},"77":{"start":{"line":78,"column":0},"end":{"line":78,"column":19}},"78":{"start":{"line":79,"column":0},"end":{"line":79,"column":57}},"79":{"start":{"line":80,"column":0},"end":{"line":80,"column":17}},"80":{"start":{"line":81,"column":0},"end":{"line":81,"column":3}},"81":{"start":{"line":82,"column":0},"end":{"line":82,"column":2}}},"s":{"0":1,"1":1,"2":1,"3":1,"4":1,"5":1,"6":1,"7":1,"8":1,"9":3,"10":3,"11":3,"12":3,"13":3,"14":3,"15":3,"16":3,"17":2,"18":3,"19":1,"20":1,"21":1,"22":1,"23":1,"24":3,"25":3,"26":2,"27":2,"28":2,"29":3,"30":1,"31":1,"32":1,"33":1,"34":1,"35":2,"36":2,"37":2,"38":2,"39":2,"40":2,"41":2,"42":2,"43":2,"44":2,"45":2,"46":2,"47":2,"48":2,"49":2,"50":2,"51":2,"52":2,"53":2,"54":2,"55":1,"56":1,"57":1,"58":1,"59":1,"60":1,"61":1,"62":2,"63":2,"64":1,"65":1,"66":1,"67":2,"68":1,"69":1,"70":1,"71":1,"72":1,"73":3,"74":3,"75":2,"76":2,"77":3,"78":1,"79":1,"80":1,"81":3},"branchMap":{"0":{"type":"branch","line":4,"loc":{"start":{"line":4,"column":37},"end":{"line":4,"column":85}},"locations":[{"start":{"line":4,"column":37},"end":{"line":4,"column":85}}]},"1":{"type":"branch","line":9,"loc":{"start":{"line":9,"column":38},"end":{"line":30,"column":2}},"locations":[{"start":{"line":9,"column":38},"end":{"line":30,"column":2}}]},"2":{"type":"branch","line":17,"loc":{"start":{"line":17,"column":5},"end":{"line":19,"column":22}},"locations":[{"start":{"line":17,"column":5},"end":{"line":19,"column":22}}]},"3":{"type":"branch","line":19,"loc":{"start":{"line":19,"column":22},"end":{"line":25,"column":34}},"locations":[{"start":{"line":19,"column":22},"end":{"line":25,"column":34}}]},"4":{"type":"branch","line":21,"loc":{"start":{"line":21,"column":28},"end":{"line":21,"column":67}},"locations":[{"start":{"line":21,"column":28},"end":{"line":21,"column":67}}]},"5":{"type":"branch","line":25,"loc":{"start":{"line":25,"column":21},"end":{"line":25,"column":112}},"locations":[{"start":{"line":25,"column":21},"end":{"line":25,"column":112}}]},"6":{"type":"branch","line":26,"loc":{"start":{"line":26,"column":2},"end":{"line":29,"column":3}},"locations":[{"start":{"line":26,"column":2},"end":{"line":29,"column":3}}]},"7":{"type":"branch","line":35,"loc":{"start":{"line":35,"column":31},"end":{"line":68,"column":2}},"locations":[{"start":{"line":35,"column":31},"end":{"line":68,"column":2}}]},"8":{"type":"branch","line":55,"loc":{"start":{"line":55,"column":22},"end":{"line":63,"column":44}},"locations":[{"start":{"line":55,"column":22},"end":{"line":63,"column":44}}]},"9":{"type":"branch","line":57,"loc":{"start":{"line":57,"column":28},"end":{"line":57,"column":61}},"locations":[{"start":{"line":57,"column":28},"end":{"line":57,"column":61}}]},"10":{"type":"branch","line":63,"loc":{"start":{"line":63,"column":36},"end":{"line":63,"column":46}},"locations":[{"start":{"line":63,"column":36},"end":{"line":63,"column":46}}]},"11":{"type":"branch","line":64,"loc":{"start":{"line":64,"column":2},"end":{"line":67,"column":3}},"locations":[{"start":{"line":64,"column":2},"end":{"line":67,"column":3}}]},"12":{"type":"branch","line":73,"loc":{"start":{"line":73,"column":34},"end":{"line":82,"column":2}},"locations":[{"start":{"line":73,"column":34},"end":{"line":82,"column":2}}]},"13":{"type":"branch","line":75,"loc":{"start":{"line":75,"column":60},"end":{"line":77,"column":44}},"locations":[{"start":{"line":75,"column":60},"end":{"line":77,"column":44}}]},"14":{"type":"branch","line":78,"loc":{"start":{"line":78,"column":2},"end":{"line":81,"column":3}},"locations":[{"start":{"line":78,"column":2},"end":{"line":81,"column":3}}]}},"b":{"0":[0],"1":[3],"2":[2],"3":[1],"4":[0],"5":[0],"6":[2],"7":[2],"8":[1],"9":[0],"10":[0],"11":[1],"12":[3],"13":[2],"14":[1]},"fnMap":{"0":{"name":"generateAgentBackstory","decl":{"start":{"line":9,"column":38},"end":{"line":30,"column":2}},"loc":{"start":{"line":9,"column":38},"end":{"line":30,"column":2}},"line":9},"1":{"name":"simulateCrewRun","decl":{"start":{"line":35,"column":31},"end":{"line":68,"column":2}},"loc":{"start":{"line":35,"column":31},"end":{"line":68,"column":2}},"line":35},"2":{"name":"checkBackendHealth","decl":{"start":{"line":73,"column":34},"end":{"line":82,"column":2}},"loc":{"start":{"line":73,"column":34},"end":{"line":82,"column":2}},"line":73}},"f":{"0":3,"1":2,"2":3}}
,"/Users/buda007/Desktop/crewai-orchestrator-ui/utils/helpers.ts": {"path":"/Users/buda007/Desktop/crewai-orchestrator-ui/utils/helpers.ts","all":false,"statementMap":{"0":{"start":{"line":1,"column":0},"end":{"line":1,"column":3}},"1":{"start":{"line":2,"column":0},"end":{"line":2,"column":47}},"2":{"start":{"line":3,"column":0},"end":{"line":3,"column":57}},"3":{"start":{"line":4,"column":0},"end":{"line":4,"column":74}},"4":{"start":{"line":5,"column":0},"end":{"line":5,"column":3}},"5":{"start":{"line":6,"column":0},"end":{"line":6,"column":82}},"6":{"start":{"line":7,"column":0},"end":{"line":7,"column":19}},"7":{"start":{"line":8,"column":0},"end":{"line":8,"column":18}},"8":{"start":{"line":9,"column":0},"end":{"line":9,"column":31}},"9":{"start":{"line":10,"column":0},"end":{"line":10,"column":24}},"10":{"start":{"line":11,"column":0},"end":{"line":11,"column":27}},"11":{"start":{"line":12,"column":0},"end":{"line":12,"column":2}},"12":{"start":{"line":13,"column":0},"end":{"line":13,"column":59}},"13":{"start":{"line":14,"column":0},"end":{"line":14,"column":2}},"14":{"start":{"line":15,"column":0},"end":{"line":15,"column":0}},"15":{"start":{"line":16,"column":0},"end":{"line":16,"column":3}},"16":{"start":{"line":17,"column":0},"end":{"line":17,"column":63}},"17":{"start":{"line":18,"column":0},"end":{"line":18,"column":59}},"18":{"start":{"line":19,"column":0},"end":{"line":19,"column":3}},"19":{"start":{"line":20,"column":0},"end":{"line":20,"column":54}},"20":{"start":{"line":21,"column":0},"end":{"line":21,"column":57}},"21":{"start":{"line":22,"column":0},"end":{"line":22,"column":2}},"22":{"start":{"line":23,"column":0},"end":{"line":23,"column":0}},"23":{"start":{"line":24,"column":0},"end":{"line":24,"column":3}},"24":{"start":{"line":25,"column":0},"end":{"line":25,"column":42}},"25":{"start":{"line":26,"column":0},"end":{"line":26,"column":3}},"26":{"start":{"line":27,"column":0},"end":{"line":27,"column":72}},"27":{"start":{"line":28,"column":0},"end":{"line":28,"column":35}},"28":{"start":{"line":29,"column":0},"end":{"line":29,"column":2}},"29":{"start":{"line":30,"column":0},"end":{"line":30,"column":0}},"30":{"start":{"line":31,"column":0},"end":{"line":31,"column":3}},"31":{"start":{"line":32,"column":0},"end":{"line":32,"column":38}},"32":{"start":{"line":33,"column":0},"end":{"line":33,"column":3}},"33":{"start":{"line":34,"column":0},"end":{"line":34,"column":79}},"34":{"start":{"line":35,"column":0},"end":{"line":35,"column":37}},"35":{"start":{"line":36,"column":0},"end":{"line":36,"column":2}},"36":{"start":{"line":37,"column":0},"end":{"line":37,"column":0}},"37":{"start":{"line":38,"column":0},"end":{"line":38,"column":3}},"38":{"start":{"line":39,"column":0},"end":{"line":39,"column":69}},"39":{"start":{"line":40,"column":0},"end":{"line":40,"column":65}},"40":{"start":{"line":41,"column":0},"end":{"line":41,"column":3}},"41":{"start":{"line":42,"column":0},"end":{"line":42,"column":73}},"42":{"start":{"line":43,"column":0},"end":{"line":43,"column":24}},"43":{"start":{"line":44,"column":0},"end":{"line":44,"column":14}},"44":{"start":{"line":45,"column":0},"end":{"line":45,"column":27}},"45":{"start":{"line":46,"column":0},"end":{"line":46,"column":26}},"46":{"start":{"line":47,"column":0},"end":{"line":47,"column":26}},"47":{"start":{"line":48,"column":0},"end":{"line":48,"column":28}},"48":{"start":{"line":49,"column":0},"end":{"line":49,"column":28}},"49":{"start":{"line":50,"column":0},"end":{"line":50,"column":27}},"50":{"start":{"line":51,"column":0},"end":{"line":51,"column":27}},"51":{"start":{"line":52,"column":0},"end":{"line":52,"column":2}},"52":{"start":{"line":53,"column":0},"end":{"line":53,"column":0}},"53":{"start":{"line":54,"column":0},"end":{"line":54,"column":3}},"54":{"start":{"line":55,"column":0},"end":{"line":55,"column":59}},"55":{"start":{"line":56,"column":0},"end":{"line":56,"column":3}},"56":{"start":{"line":57,"column":0},"end":{"line":57,"column":73}},"57":{"start":{"line":58,"column":0},"end":{"line":58,"column":24}},"58":{"start":{"line":59,"column":0},"end":{"line":59,"column":14}},"59":{"start":{"line":60,"column":0},"end":{"line":60,"column":27}},"60":{"start":{"line":61,"column":0},"end":{"line":61,"column":26}},"61":{"start":{"line":62,"column":0},"end":{"line":62,"column":26}},"62":{"start":{"line":63,"column":0},"end":{"line":63,"column":28}},"63":{"start":{"line":64,"column":0},"end":{"line":64,"column":29}},"64":{"start":{"line":65,"column":0},"end":{"line":65,"column":2}}},"s":{"0":1,"1":1,"2":1,"3":1,"4":1,"5":1,"6":12,"7":12,"8":12,"9":12,"10":12,"11":12,"12":12,"13":12,"14":1,"15":1,"16":1,"17":1,"18":1,"19":1,"20":22,"21":22,"22":1,"23":1,"24":1,"25":1,"26":1,"27":4,"28":4,"29":1,"30":1,"31":1,"32":1,"33":1,"34":12,"35":12,"36":1,"37":1,"38":1,"39":1,"40":1,"41":1,"42":1104,"43":1011,"44":1011,"45":1011,"46":1011,"47":1011,"48":1011,"49":1011,"50":1011,"51":1011,"52":1,"53":1,"54":1,"55":1,"56":1,"57":8,"58":5,"59":5,"60":5,"61":5,"62":5,"63":5,"64":5},"branchMap":{"0":{"type":"branch","line":6,"loc":{"start":{"line":6,"column":34},"end":{"line":14,"column":2}},"locations":[{"start":{"line":6,"column":34},"end":{"line":14,"column":2}}]},"1":{"type":"branch","line":13,"loc":{"start":{"line":13,"column":10},"end":{"line":13,"column":31}},"locations":[{"start":{"line":13,"column":10},"end":{"line":13,"column":31}}]},"2":{"type":"branch","line":13,"loc":{"start":{"line":13,"column":31},"end":{"line":13,"column":55}},"locations":[{"start":{"line":13,"column":31},"end":{"line":13,"column":55}}]},"3":{"type":"branch","line":13,"loc":{"start":{"line":13,"column":50},"end":{"line":13,"column":59}},"locations":[{"start":{"line":13,"column":50},"end":{"line":13,"column":59}}]},"4":{"type":"branch","line":20,"loc":{"start":{"line":20,"column":26},"end":{"line":22,"column":2}},"locations":[{"start":{"line":20,"column":26},"end":{"line":22,"column":2}}]},"5":{"type":"branch","line":27,"loc":{"start":{"line":27,"column":30},"end":{"line":29,"column":2}},"locations":[{"start":{"line":27,"column":30},"end":{"line":29,"column":2}}]},"6":{"type":"branch","line":34,"loc":{"start":{"line":34,"column":24},"end":{"line":36,"column":2}},"locations":[{"start":{"line":34,"column":24},"end":{"line":36,"column":2}}]},"7":{"type":"branch","line":42,"loc":{"start":{"line":42,"column":26},"end":{"line":52,"column":2}},"locations":[{"start":{"line":42,"column":26},"end":{"line":52,"column":2}}]},"8":{"type":"branch","line":43,"loc":{"start":{"line":43,"column":14},"end":{"line":43,"column":24}},"locations":[{"start":{"line":43,"column":14},"end":{"line":43,"column":24}}]},"9":{"type":"branch","line":43,"loc":{"start":{"line":43,"column":21},"end":{"line":52,"column":2}},"locations":[{"start":{"line":43,"column":21},"end":{"line":52,"column":2}}]},"10":{"type":"branch","line":57,"loc":{"start":{"line":57,"column":26},"end":{"line":65,"column":2}},"locations":[{"start":{"line":57,"column":26},"end":{"line":65,"column":2}}]},"11":{"type":"branch","line":58,"loc":{"start":{"line":58,"column":14},"end":{"line":58,"column":24}},"locations":[{"start":{"line":58,"column":14},"end":{"line":58,"column":24}}]},"12":{"type":"branch","line":58,"loc":{"start":{"line":58,"column":21},"end":{"line":65,"column":2}},"locations":[{"start":{"line":58,"column":21},"end":{"line":65,"column":2}}]}},"b":{"0":[12],"1":[2],"2":[2],"3":[10],"4":[22],"5":[4],"6":[12],"7":[1104],"8":[93],"9":[1011],"10":[8],"11":[3],"12":[5]},"fnMap":{"0":{"name":"generateIdFromName","decl":{"start":{"line":6,"column":34},"end":{"line":14,"column":2}},"loc":{"start":{"line":6,"column":34},"end":{"line":14,"column":2}},"line":6},"1":{"name":"sanitizeId","decl":{"start":{"line":20,"column":26},"end":{"line":22,"column":2}},"loc":{"start":{"line":20,"column":26},"end":{"line":22,"column":2}},"line":20},"2":{"name":"generateTempId","decl":{"start":{"line":27,"column":30},"end":{"line":29,"column":2}},"loc":{"start":{"line":27,"column":30},"end":{"line":29,"column":2}},"line":27},"3":{"name":"isTempId","decl":{"start":{"line":34,"column":24},"end":{"line":36,"column":2}},"loc":{"start":{"line":34,"column":24},"end":{"line":36,"column":2}},"line":34},"4":{"name":"escapeYaml","decl":{"start":{"line":42,"column":26},"end":{"line":52,"column":2}},"loc":{"start":{"line":42,"column":26},"end":{"line":52,"column":2}},"line":42},"5":{"name":"escapeHtml","decl":{"start":{"line":57,"column":26},"end":{"line":65,"column":2}},"loc":{"start":{"line":57,"column":26},"end":{"line":65,"column":2}},"line":57}},"f":{"0":12,"1":22,"2":4,"3":12,"4":1104,"5":8}}
}
