TN:
SF:reducer.ts
FN:72,upsertTaskRun
FN:80,orchestratorReducer
FNF:2
FNH:2
FNDA:2,upsertTaskRun
FNDA:28,orchestratorReducer
DA:1,1
DA:2,1
DA:3,1
DA:4,1
DA:5,1
DA:6,1
DA:7,1
DA:8,1
DA:9,1
DA:10,1
DA:11,1
DA:12,1
DA:13,1
DA:14,1
DA:15,1
DA:16,1
DA:17,1
DA:18,1
DA:19,1
DA:20,1
DA:21,1
DA:22,1
DA:23,1
DA:24,1
DA:25,1
DA:26,1
DA:27,1
DA:28,1
DA:29,1
DA:30,1
DA:31,1
DA:32,1
DA:33,1
DA:34,1
DA:35,1
DA:36,1
DA:37,1
DA:38,1
DA:39,1
DA:40,1
DA:41,1
DA:42,1
DA:43,1
DA:44,1
DA:45,1
DA:46,1
DA:47,1
DA:48,1
DA:49,1
DA:50,1
DA:51,1
DA:52,1
DA:53,1
DA:54,1
DA:55,1
DA:56,1
DA:57,1
DA:58,1
DA:59,1
DA:60,1
DA:61,1
DA:62,1
DA:63,1
DA:64,1
DA:65,1
DA:66,1
DA:67,1
DA:68,1
DA:69,1
DA:70,1
DA:71,1
DA:72,2
DA:73,2
DA:74,2
DA:75,1
DA:76,1
DA:77,1
DA:78,1
DA:79,1
DA:80,1
DA:81,28
DA:82,28
DA:83,28
DA:84,28
DA:85,28
DA:86,28
DA:87,1
DA:88,1
DA:89,1
DA:90,1
DA:91,1
DA:92,1
DA:93,1
DA:94,1
DA:95,28
DA:96,2
DA:97,28
DA:98,2
DA:99,28
DA:100,3
DA:101,28
DA:102,2
DA:103,2
DA:104,2
DA:105,3
DA:106,2
DA:107,2
DA:108,28
DA:109,2
DA:110,2
DA:111,2
DA:112,2
DA:113,1
DA:114,2
DA:115,2
DA:116,28
DA:117,1
DA:118,28
DA:119,1
DA:120,1
DA:121,1
DA:122,1
DA:123,1
DA:124,1
DA:125,28
DA:126,2
DA:127,2
DA:128,2
DA:129,2
DA:130,2
DA:131,2
DA:132,1
DA:133,1
DA:134,1
DA:135,1
DA:136,2
DA:137,2
DA:138,28
DA:139,1
DA:140,28
DA:141,1
DA:142,1
DA:143,1
DA:144,1
DA:145,1
DA:146,1
DA:147,28
DA:148,1
DA:149,1
DA:150,1
DA:151,1
DA:152,28
DA:153,2
DA:154,28
DA:155,1
DA:156,28
DA:157,1
DA:158,1
DA:159,1
DA:160,1
DA:161,1
DA:162,28
DA:163,1
DA:164,1
DA:165,1
DA:166,1
DA:167,1
DA:168,1
DA:169,1
DA:170,1
DA:171,1
DA:172,0
DA:173,1
DA:174,1
DA:175,28
DA:176,2
DA:177,2
DA:178,2
DA:179,2
DA:180,2
DA:181,2
DA:182,2
DA:183,2
DA:184,2
DA:185,0
DA:186,2
DA:187,2
DA:188,28
DA:189,1
DA:190,28
DA:191,1
DA:192,28
DA:193,28
DA:194,1
DA:195,1
DA:196,1
DA:197,1
DA:198,1
LF:198
LH:196
BRDA:72,0,0,2
BRDA:74,1,0,1
BRDA:73,2,0,1
BRDA:80,3,0,28
BRDA:86,4,0,1
BRDA:95,5,0,2
BRDA:97,6,0,2
BRDA:99,7,0,3
BRDA:101,8,0,2
BRDA:108,9,0,2
BRDA:116,10,0,1
BRDA:118,11,0,1
BRDA:125,12,0,2
BRDA:138,13,0,1
BRDA:140,14,0,1
BRDA:147,15,0,1
BRDA:152,16,0,2
BRDA:154,17,0,1
BRDA:156,18,0,1
BRDA:162,19,0,1
BRDA:175,20,0,2
BRDA:188,21,0,1
BRDA:190,22,0,1
BRDA:104,23,0,3
BRDA:105,24,0,2
BRDA:105,25,0,1
BRDA:111,26,0,2
BRDA:112,27,0,1
BRDA:113,28,0,0
BRDA:121,29,0,1
BRDA:122,30,0,0
BRDA:130,31,0,3
BRDA:131,32,0,1
BRDA:134,33,0,1
BRDA:143,34,0,1
BRDA:144,35,0,0
BRDA:150,36,0,1
BRDA:165,37,0,1
BRDA:171,38,0,0
BRDA:178,39,0,2
BRDA:184,40,0,0
BRF:41
BRH:36
end_of_record
TN:
SF:types.ts
FNF:0
FNH:0
DA:1,1
DA:2,1
DA:3,1
DA:4,1
DA:5,1
DA:6,1
DA:7,1
DA:8,1
DA:9,1
DA:10,1
DA:11,1
DA:12,1
DA:13,1
DA:14,1
DA:15,1
DA:16,1
DA:17,1
DA:18,1
DA:19,1
DA:20,1
DA:21,1
DA:22,1
DA:23,1
DA:24,1
DA:25,1
DA:26,1
DA:27,1
DA:28,1
DA:29,1
DA:30,1
DA:31,1
DA:32,1
DA:33,1
DA:34,1
DA:35,1
DA:36,1
DA:37,1
DA:38,1
DA:39,1
DA:40,1
DA:41,1
DA:42,1
DA:43,1
DA:44,1
DA:45,1
DA:46,1
DA:47,1
DA:48,1
DA:49,1
DA:50,1
DA:51,1
DA:52,1
DA:53,1
DA:54,1
DA:55,1
DA:56,1
DA:57,1
DA:58,1
DA:59,1
DA:60,1
DA:61,1
DA:62,1
DA:63,1
DA:64,1
DA:65,1
DA:66,1
DA:67,1
DA:68,1
DA:69,1
DA:70,1
DA:71,1
DA:72,1
DA:73,1
DA:74,1
DA:75,1
DA:76,1
DA:77,1
DA:78,1
DA:79,1
DA:80,1
DA:81,1
DA:82,1
DA:83,1
DA:84,1
DA:85,1
DA:86,1
DA:87,1
DA:88,1
DA:89,1
DA:90,1
DA:91,1
DA:92,1
DA:93,1
DA:94,1
DA:95,1
DA:96,1
DA:97,1
DA:98,1
DA:99,1
DA:100,1
DA:101,1
DA:102,1
DA:103,1
DA:104,1
DA:105,1
DA:106,1
DA:107,1
DA:108,1
DA:109,1
DA:110,1
DA:111,1
LF:111
LH:111
BRF:0
BRH:0
end_of_record
TN:
SF:components/AgentForm.tsx
FN:56,onClick
FN:63,onMouseMove
FN:78,onMouseLeave
FN:87,onClick
FN:94,onMouseMove
FN:109,onMouseLeave
FN:132,onChange
FN:148,onChange
FN:168,onChange
FN:183,onChange
FN:202,onChange
FN:229,onChange
FN:248,onClick
FN:259,onMouseMove
FN:277,onMouseLeave
FN:300,onChange
FN:312,onChange
FNF:17
FNH:14
FNDA:3,onClick
FNDA:3,onMouseMove
FNDA:0,onMouseLeave
FNDA:1,onClick
FNDA:1,onMouseMove
FNDA:0,onMouseLeave
FNDA:15,onChange
FNDA:13,onChange
FNDA:15,onChange
FNDA:1,onChange
FNDA:9,onChange
FNDA:14,onChange
FNDA:2,onClick
FNDA:2,onMouseMove
FNDA:0,onMouseLeave
FNDA:1,onChange
FNDA:1,onChange
DA:1,1
DA:2,1
DA:3,1
DA:4,1
DA:5,1
DA:6,1
DA:7,1
DA:8,1
DA:9,1
DA:10,1
DA:11,1
DA:12,1
DA:13,1
DA:14,119
DA:15,119
DA:16,119
DA:17,119
DA:18,119
DA:19,28
DA:20,119
DA:21,119
DA:22,119
DA:23,3
DA:24,3
DA:25,3
DA:26,3
DA:27,2
DA:28,3
DA:29,1
DA:30,1
DA:31,3
DA:32,119
DA:33,119
DA:34,119
DA:35,2
DA:36,2
DA:37,2
DA:38,1
DA:39,1
DA:40,2
DA:41,119
DA:42,119
DA:43,119
DA:44,119
DA:45,119
DA:46,119
DA:47,119
DA:48,119
DA:49,119
DA:50,119
DA:51,119
DA:52,119
DA:53,119
DA:54,119
DA:55,119
DA:56,119
DA:57,119
DA:58,119
DA:59,119
DA:60,119
DA:61,119
DA:62,119
DA:63,119
DA:64,3
DA:65,3
DA:66,3
DA:67,3
DA:68,3
DA:69,3
DA:70,3
DA:71,3
DA:72,3
DA:73,3
DA:74,3
DA:75,3
DA:76,3
DA:77,3
DA:78,119
DA:79,0
DA:80,0
DA:81,0
DA:82,119
DA:83,119
DA:84,119
DA:85,119
DA:86,119
DA:87,119
DA:88,119
DA:89,119
DA:90,119
DA:91,119
DA:92,119
DA:93,119
DA:94,119
DA:95,1
DA:96,1
DA:97,1
DA:98,1
DA:99,1
DA:100,1
DA:101,1
DA:102,1
DA:103,1
DA:104,1
DA:105,1
DA:106,1
DA:107,1
DA:108,1
DA:109,119
DA:110,0
DA:111,0
DA:112,0
DA:113,119
DA:114,119
DA:115,119
DA:116,119
DA:117,119
DA:118,119
DA:119,119
DA:120,119
DA:121,119
DA:122,119
DA:123,119
DA:124,119
DA:125,119
DA:126,119
DA:127,119
DA:128,119
DA:129,119
DA:130,119
DA:131,119
DA:132,119
DA:133,119
DA:134,119
DA:135,119
DA:136,119
DA:137,119
DA:138,119
DA:139,119
DA:140,119
DA:141,119
DA:142,119
DA:143,119
DA:144,119
DA:145,119
DA:146,119
DA:147,119
DA:148,119
DA:149,119
DA:150,119
DA:151,119
DA:152,119
DA:153,119
DA:154,119
DA:155,119
DA:156,119
DA:157,119
DA:158,119
DA:159,119
DA:160,119
DA:161,119
DA:162,119
DA:163,119
DA:164,119
DA:165,119
DA:166,119
DA:167,119
DA:168,119
DA:169,119
DA:170,119
DA:171,119
DA:172,119
DA:173,119
DA:174,119
DA:175,119
DA:176,119
DA:177,119
DA:178,119
DA:179,119
DA:180,119
DA:181,119
DA:182,119
DA:183,119
DA:184,119
DA:185,119
DA:186,119
DA:187,119
DA:188,119
DA:189,119
DA:190,119
DA:191,119
DA:192,119
DA:193,119
DA:194,119
DA:195,119
DA:196,119
DA:197,119
DA:198,119
DA:199,119
DA:200,119
DA:201,119
DA:202,119
DA:203,119
DA:204,119
DA:205,119
DA:206,119
DA:207,119
DA:208,119
DA:209,119
DA:210,119
DA:211,119
DA:212,119
DA:213,119
DA:214,119
DA:215,119
DA:216,119
DA:217,119
DA:218,119
DA:219,119
DA:220,119
DA:221,119
DA:222,119
DA:223,119
DA:224,119
DA:225,119
DA:226,119
DA:227,119
DA:228,119
DA:229,119
DA:230,119
DA:231,119
DA:232,119
DA:233,119
DA:234,119
DA:235,119
DA:236,119
DA:237,119
DA:238,119
DA:239,119
DA:240,119
DA:241,119
DA:242,119
DA:243,119
DA:244,119
DA:245,119
DA:246,1190
DA:247,1190
DA:248,1190
DA:249,1190
DA:250,1190
DA:251,117
DA:252,1073
DA:253,1190
DA:254,1190
DA:255,1190
DA:256,1190
DA:257,1190
DA:258,1190
DA:259,1190
DA:260,2
DA:261,2
DA:262,2
DA:263,2
DA:264,2
DA:265,2
DA:266,2
DA:267,2
DA:268,2
DA:269,2
DA:270,2
DA:271,2
DA:272,2
DA:273,2
DA:274,2
DA:275,2
DA:276,2
DA:277,1190
DA:278,0
DA:279,0
DA:280,0
DA:281,1190
DA:282,1190
DA:283,1190
DA:284,119
DA:285,119
DA:286,119
DA:287,119
DA:288,119
DA:289,119
DA:290,119
DA:291,119
DA:292,119
DA:293,119
DA:294,119
DA:295,119
DA:296,119
DA:297,119
DA:298,119
DA:299,119
DA:300,119
DA:301,119
DA:302,119
DA:303,119
DA:304,119
DA:305,119
DA:306,119
DA:307,119
DA:308,119
DA:309,119
DA:310,119
DA:311,119
DA:312,119
DA:313,119
DA:314,119
DA:315,119
DA:316,119
DA:317,119
DA:318,119
DA:319,119
DA:320,119
DA:321,119
DA:322,119
DA:323,119
DA:324,119
DA:325,119
DA:326,119
DA:327,119
DA:328,119
DA:329,119
DA:330,119
DA:331,119
DA:332,119
DA:333,119
DA:334,119
DA:335,119
DA:336,119
DA:337,119
DA:338,119
DA:339,119
DA:340,119
DA:341,119
DA:342,119
DA:343,119
DA:344,119
DA:345,119
DA:346,119
DA:347,119
DA:348,119
DA:349,119
DA:350,119
DA:351,1
DA:352,1
DA:353,1
DA:354,1
LF:354
LH:345
BRDA:13,0,0,119
BRDA:219,1,0,113
BRDA:219,2,0,110
BRDA:223,3,0,6
BRDA:223,4,0,113
BRDA:333,5,0,2
BRDA:334,6,0,2
BRDA:335,7,0,2
BRDA:336,8,0,3
BRDA:337,9,0,3
BRDA:337,10,0,3
BRDA:337,11,0,0
BRDA:338,12,0,5
BRDA:338,13,0,5
BRDA:338,14,0,0
BRDA:18,15,0,28
BRDA:22,16,0,3
BRDA:23,17,0,0
BRDA:26,18,0,2
BRDA:28,19,0,1
BRDA:27,20,0,2
BRDA:34,21,0,2
BRDA:35,22,0,2
BRDA:37,23,0,1
BRDA:38,24,0,1
BRDA:38,25,0,1
BRDA:56,26,0,3
BRDA:63,27,0,3
BRDA:87,28,0,1
BRDA:94,29,0,1
BRDA:132,30,0,15
BRDA:148,31,0,13
BRDA:168,32,0,15
BRDA:183,33,0,1
BRDA:186,34,0,833
BRDA:202,35,0,9
BRDA:229,36,0,14
BRDA:245,37,0,1190
BRDA:250,38,0,117
BRDA:251,39,0,1073
BRDA:248,40,0,2
BRDA:259,41,0,2
BRDA:272,42,0,1
BRDA:272,43,0,1
BRDA:300,44,0,1
BRDA:312,45,0,1
BRDA:340,46,0,117
BRF:47
BRH:44
end_of_record
TN:
SF:components/AgentList.tsx
FN:23,onMouseMove
FN:38,onMouseLeave
FN:56,onMouseMove
FN:71,onMouseLeave
FN:85,onClick
FN:96,onMouseMove
FN:111,onMouseLeave
FNF:7
FNH:2
FNDA:0,onMouseMove
FNDA:0,onMouseLeave
FNDA:0,onMouseMove
FNDA:0,onMouseLeave
FNDA:4,onClick
FNDA:4,onMouseMove
FNDA:0,onMouseLeave
DA:1,1
DA:2,1
DA:3,1
DA:4,1
DA:5,1
DA:6,1
DA:7,1
DA:8,1
DA:9,1
DA:10,1
DA:11,1
DA:12,1
DA:13,18
DA:14,18
DA:15,18
DA:16,18
DA:17,18
DA:18,18
DA:19,18
DA:20,18
DA:21,18
DA:22,18
DA:23,18
DA:24,0
DA:25,0
DA:26,0
DA:27,0
DA:28,0
DA:29,0
DA:30,0
DA:31,0
DA:32,0
DA:33,0
DA:34,0
DA:35,0
DA:36,0
DA:37,0
DA:38,18
DA:39,0
DA:40,0
DA:41,0
DA:42,18
DA:43,18
DA:44,18
DA:45,18
DA:46,18
DA:47,18
DA:48,18
DA:49,18
DA:50,18
DA:51,18
DA:52,18
DA:53,18
DA:54,18
DA:55,18
DA:56,18
DA:57,0
DA:58,0
DA:59,0
DA:60,0
DA:61,0
DA:62,0
DA:63,0
DA:64,0
DA:65,0
DA:66,0
DA:67,0
DA:68,0
DA:69,0
DA:70,0
DA:71,18
DA:72,0
DA:73,0
DA:74,0
DA:75,18
DA:76,18
DA:77,18
DA:78,18
DA:79,18
DA:80,18
DA:81,18
DA:82,18
DA:83,12
DA:84,12
DA:85,12
DA:86,12
DA:87,12
DA:88,4
DA:89,8
DA:90,12
DA:91,12
DA:92,12
DA:93,12
DA:94,12
DA:95,12
DA:96,12
DA:97,4
DA:98,4
DA:99,4
DA:100,4
DA:101,4
DA:102,4
DA:103,4
DA:104,4
DA:105,4
DA:106,4
DA:107,4
DA:108,4
DA:109,4
DA:110,4
DA:111,12
DA:112,0
DA:113,0
DA:114,0
DA:115,12
DA:116,12
DA:117,12
DA:118,12
DA:119,4
DA:120,8
DA:121,12
DA:122,12
DA:123,12
DA:124,12
DA:125,12
DA:126,12
DA:127,12
DA:128,12
DA:129,12
DA:130,12
DA:131,12
DA:132,12
DA:133,12
DA:134,12
DA:135,12
DA:136,12
DA:137,12
DA:138,12
DA:139,12
DA:140,12
DA:141,12
DA:142,0
DA:143,0
DA:144,0
DA:145,12
DA:146,12
DA:147,12
DA:148,12
DA:149,18
DA:150,18
DA:151,7
DA:152,7
DA:153,7
DA:154,7
DA:155,18
DA:156,18
DA:157,18
DA:158,18
DA:159,18
DA:160,1
DA:161,1
LF:161
LH:121
BRDA:12,0,0,18
BRDA:150,1,0,7
BRDA:82,2,0,12
BRDA:87,3,0,4
BRDA:88,4,0,8
BRDA:118,5,0,4
BRDA:119,6,0,8
BRDA:125,7,0,0
BRDA:133,8,0,0
BRDA:141,9,0,0
BRDA:85,10,0,4
BRDA:96,11,0,4
BRDA:136,12,0,12
BRF:13
BRH:10
end_of_record
TN:
SF:components/AgentsView.tsx
FN:13,AgentsView
FN:157,onMouseMove
FN:172,onMouseLeave
FN:186,onClose
FN:191,onClick
FNF:5
FNH:1
FNDA:20,AgentsView
FNDA:0,onMouseMove
FNDA:0,onMouseLeave
FNDA:0,onClose
FNDA:0,onClick
DA:1,1
DA:2,1
DA:3,1
DA:4,1
DA:5,1
DA:6,1
DA:7,1
DA:8,1
DA:9,1
DA:10,1
DA:11,1
DA:12,1
DA:13,1
DA:14,20
DA:15,20
DA:16,20
DA:17,20
DA:18,20
DA:19,20
DA:20,20
DA:21,20
DA:22,20
DA:23,20
DA:24,20
DA:25,20
DA:26,20
DA:27,20
DA:28,20
DA:29,20
DA:30,20
DA:31,20
DA:32,20
DA:33,20
DA:34,20
DA:35,20
DA:36,20
DA:37,20
DA:38,20
DA:39,20
DA:40,20
DA:41,20
DA:42,20
DA:43,20
DA:44,6
DA:45,14
DA:46,20
DA:47,20
DA:48,0
DA:49,0
DA:50,0
DA:51,0
DA:52,20
DA:53,20
DA:54,20
DA:55,4
DA:56,4
DA:57,20
DA:58,20
DA:59,20
DA:60,0
DA:61,0
DA:62,0
DA:63,0
DA:64,0
DA:65,0
DA:66,0
DA:67,0
DA:68,0
DA:69,0
DA:70,0
DA:71,0
DA:72,0
DA:73,0
DA:74,0
DA:75,0
DA:76,0
DA:77,0
DA:78,0
DA:79,0
DA:80,0
DA:81,0
DA:82,0
DA:83,0
DA:84,0
DA:85,0
DA:86,0
DA:87,0
DA:88,0
DA:89,0
DA:90,0
DA:91,0
DA:92,20
DA:93,20
DA:94,20
DA:95,2
DA:96,2
DA:97,20
DA:98,20
DA:99,20
DA:100,0
DA:101,0
DA:102,0
DA:103,0
DA:104,0
DA:105,0
DA:106,0
DA:107,0
DA:108,0
DA:109,0
DA:110,0
DA:111,0
DA:112,0
DA:113,0
DA:114,0
DA:115,0
DA:116,0
DA:117,0
DA:118,0
DA:119,0
DA:120,0
DA:121,0
DA:122,0
DA:123,0
DA:124,0
DA:125,0
DA:126,0
DA:127,0
DA:128,0
DA:129,0
DA:130,0
DA:131,20
DA:132,20
DA:133,20
DA:134,20
DA:135,20
DA:136,20
DA:137,20
DA:138,20
DA:139,20
DA:140,20
DA:141,20
DA:142,20
DA:143,6
DA:144,6
DA:145,6
DA:146,6
DA:147,6
DA:148,14
DA:149,14
DA:150,14
DA:151,14
DA:152,14
DA:153,14
DA:154,14
DA:155,14
DA:156,14
DA:157,14
DA:158,0
DA:159,0
DA:160,0
DA:161,0
DA:162,0
DA:163,0
DA:164,0
DA:165,0
DA:166,0
DA:167,0
DA:168,0
DA:169,0
DA:170,0
DA:171,0
DA:172,14
DA:173,0
DA:174,0
DA:175,0
DA:176,14
DA:177,14
DA:178,14
DA:179,14
DA:180,14
DA:181,14
DA:182,20
DA:183,20
DA:184,20
DA:185,20
DA:186,20
DA:187,20
DA:188,20
DA:189,20
DA:190,20
DA:191,20
DA:192,20
DA:193,20
DA:194,20
DA:195,20
DA:196,20
DA:197,20
DA:198,20
DA:199,20
DA:200,20
DA:201,20
DA:202,20
DA:203,20
DA:204,20
DA:205,20
DA:206,20
DA:207,20
DA:208,20
DA:209,20
DA:210,1
DA:211,1
LF:211
LH:127
BRDA:13,0,0,20
BRDA:43,1,0,6
BRDA:44,2,0,14
BRDA:142,3,0,6
BRDA:147,4,0,14
BRDA:44,5,0,6
BRDA:54,6,0,4
BRDA:94,7,0,2
BRF:8
BRH:8
end_of_record
TN:
SF:components/CrewView.tsx
FN:8,CrewView
FN:97,getLogColor
FN:167,CrewView.__vite_ssr_import_0__.jsxDEV.children.__vite_ssr_import_0__.jsxDEV.children.__vite_ssr_import_0__.jsxDEV.children.__vite_ssr_import_0__.jsxDEV.onMouseMove
FN:182,CrewView.__vite_ssr_import_0__.jsxDEV.children.__vite_ssr_import_0__.jsxDEV.children.__vite_ssr_import_0__.jsxDEV.children.__vite_ssr_import_0__.jsxDEV.onMouseLeave
FN:218,onMouseMove
FN:233,onMouseLeave
FN:241,onClick
FN:251,onClick
FN:332,onMouseMove
FN:352,onMouseLeave
FNF:10
FNH:3
FNDA:22,CrewView
FNDA:12,getLogColor
FNDA:4,CrewView.__vite_ssr_import_0__.jsxDEV.children.__vite_ssr_import_0__.jsxDEV.children.__vite_ssr_import_0__.jsxDEV.children.__vite_ssr_import_0__.jsxDEV.onMouseMove
FNDA:0,CrewView.__vite_ssr_import_0__.jsxDEV.children.__vite_ssr_import_0__.jsxDEV.children.__vite_ssr_import_0__.jsxDEV.children.__vite_ssr_import_0__.jsxDEV.onMouseLeave
FNDA:0,onMouseMove
FNDA:0,onMouseLeave
FNDA:0,onClick
FNDA:0,onClick
FNDA:0,onMouseMove
FNDA:0,onMouseLeave
DA:1,1
DA:2,1
DA:3,1
DA:4,1
DA:5,1
DA:6,1
DA:7,1
DA:8,1
DA:9,22
DA:10,22
DA:11,22
DA:12,22
DA:13,22
DA:14,22
DA:15,22
DA:16,22
DA:17,22
DA:18,22
DA:19,22
DA:20,22
DA:21,22
DA:22,22
DA:23,22
DA:24,22
DA:25,19
DA:26,19
DA:27,22
DA:28,22
DA:29,22
DA:30,22
DA:31,14
DA:32,14
DA:33,3
DA:34,3
DA:35,14
DA:36,22
DA:37,22
DA:38,22
DA:39,4
DA:40,4
DA:41,0
DA:42,0
DA:43,0
DA:44,4
DA:45,4
DA:46,4
DA:47,4
DA:48,4
DA:49,4
DA:50,4
DA:51,4
DA:52,4
DA:53,3
DA:54,3
DA:55,3
DA:56,3
DA:57,3
DA:58,3
DA:59,3
DA:60,3
DA:61,3
DA:62,3
DA:63,0
DA:64,0
DA:65,0
DA:66,0
DA:67,0
DA:68,0
DA:69,0
DA:70,0
DA:71,0
DA:72,0
DA:73,0
DA:74,0
DA:75,0
DA:76,0
DA:77,0
DA:78,0
DA:79,0
DA:80,0
DA:81,0
DA:82,0
DA:83,0
DA:84,0
DA:85,0
DA:86,3
DA:87,3
DA:88,3
DA:89,3
DA:90,4
DA:91,1
DA:92,1
DA:93,1
DA:94,1
DA:95,22
DA:96,22
DA:97,22
DA:98,12
DA:99,12
DA:100,12
DA:101,12
DA:102,12
DA:103,12
DA:104,12
DA:105,12
DA:106,12
DA:107,22
DA:108,22
DA:109,0
DA:110,0
DA:111,0
DA:112,0
DA:113,0
DA:114,0
DA:115,0
DA:116,0
DA:117,0
DA:118,22
DA:119,22
DA:120,22
DA:121,20
DA:122,20
DA:123,20
DA:124,22
DA:125,22
DA:126,22
DA:127,20
DA:128,20
DA:129,20
DA:130,20
DA:131,20
DA:132,20
DA:133,22
DA:134,22
DA:135,22
DA:136,3
DA:137,3
DA:138,3
DA:139,3
DA:140,3
DA:141,3
DA:142,3
DA:143,3
DA:144,19
DA:145,19
DA:146,19
DA:147,19
DA:148,19
DA:149,19
DA:150,19
DA:151,19
DA:152,19
DA:153,19
DA:154,19
DA:155,19
DA:156,19
DA:157,19
DA:158,19
DA:159,7
DA:160,12
DA:161,22
DA:162,22
DA:163,12
DA:164,12
DA:165,12
DA:166,22
DA:167,22
DA:168,4
DA:169,4
DA:170,4
DA:171,4
DA:172,4
DA:173,4
DA:174,4
DA:175,4
DA:176,4
DA:177,4
DA:178,4
DA:179,4
DA:180,4
DA:181,22
DA:182,22
DA:183,0
DA:184,0
DA:185,22
DA:186,22
DA:187,22
DA:188,22
DA:189,22
DA:190,22
DA:191,22
DA:192,22
DA:193,22
DA:194,22
DA:195,20
DA:196,20
DA:197,20
DA:198,20
DA:199,20
DA:200,20
DA:201,20
DA:202,1
DA:203,1
DA:204,1
DA:205,1
DA:206,1
DA:207,1
DA:208,20
DA:209,20
DA:210,20
DA:211,20
DA:212,20
DA:213,20
DA:214,20
DA:215,20
DA:216,20
DA:217,20
DA:218,20
DA:219,0
DA:220,0
DA:221,0
DA:222,0
DA:223,0
DA:224,0
DA:225,0
DA:226,0
DA:227,0
DA:228,0
DA:229,0
DA:230,0
DA:231,0
DA:232,0
DA:233,20
DA:234,0
DA:235,0
DA:236,0
DA:237,20
DA:238,20
DA:239,20
DA:240,20
DA:241,20
DA:242,20
DA:243,20
DA:244,20
DA:245,20
DA:246,20
DA:247,20
DA:248,20
DA:249,20
DA:250,20
DA:251,20
DA:252,20
DA:253,20
DA:254,20
DA:255,20
DA:256,20
DA:257,20
DA:258,20
DA:259,20
DA:260,20
DA:261,20
DA:262,20
DA:263,20
DA:264,20
DA:265,0
DA:266,0
DA:267,0
DA:268,0
DA:269,20
DA:270,20
DA:271,20
DA:272,20
DA:273,20
DA:274,20
DA:275,20
DA:276,20
DA:277,20
DA:278,20
DA:279,20
DA:280,20
DA:281,20
DA:282,0
DA:283,20
DA:284,20
DA:285,20
DA:286,20
DA:287,20
DA:288,20
DA:289,20
DA:290,20
DA:291,20
DA:292,20
DA:293,20
DA:294,0
DA:295,0
DA:296,0
DA:297,0
DA:298,0
DA:299,0
DA:300,0
DA:301,0
DA:302,0
DA:303,0
DA:304,20
DA:305,20
DA:306,20
DA:307,20
DA:308,0
DA:309,0
DA:310,0
DA:311,0
DA:312,20
DA:313,20
DA:314,20
DA:315,20
DA:316,20
DA:317,22
DA:318,22
DA:319,22
DA:320,22
DA:321,22
DA:322,22
DA:323,22
DA:324,22
DA:325,22
DA:326,22
DA:327,22
DA:328,22
DA:329,22
DA:330,22
DA:331,22
DA:332,22
DA:333,0
DA:334,0
DA:335,0
DA:336,0
DA:337,0
DA:338,0
DA:339,0
DA:340,0
DA:341,0
DA:342,0
DA:343,0
DA:344,0
DA:345,0
DA:346,0
DA:347,0
DA:348,0
DA:349,0
DA:350,0
DA:351,0
DA:352,22
DA:353,0
DA:354,0
DA:355,0
DA:356,0
DA:357,0
DA:358,0
DA:359,0
DA:360,0
DA:361,22
DA:362,22
DA:363,22
DA:364,22
DA:365,22
DA:366,22
DA:367,22
DA:368,7
DA:369,7
DA:370,7
DA:371,22
DA:372,22
DA:373,22
DA:374,22
DA:375,22
DA:376,22
DA:377,22
DA:378,22
DA:379,11
DA:380,11
DA:381,11
DA:382,11
DA:383,22
DA:384,22
DA:385,22
DA:386,12
DA:387,12
DA:388,12
DA:389,12
DA:390,12
DA:391,12
DA:392,12
DA:393,12
DA:394,22
DA:395,22
DA:396,22
DA:397,7
DA:398,7
DA:399,7
DA:400,7
DA:401,22
DA:402,22
DA:403,22
DA:404,22
DA:405,22
DA:406,22
DA:407,22
DA:408,22
DA:409,1
DA:410,1
LF:410
LH:310
BRDA:8,0,0,22
BRDA:135,1,0,19
BRDA:135,2,0,3
BRDA:143,3,0,19
BRDA:158,4,0,7
BRDA:159,5,0,12
BRDA:162,6,0,12
BRDA:166,7,0,7
BRDA:167,8,0,12
BRDA:181,9,0,7
BRDA:182,10,0,12
BRDA:185,11,0,7
BRDA:187,12,0,7
BRDA:187,13,0,12
BRDA:188,14,0,7
BRDA:188,15,0,12
BRDA:367,16,0,7
BRDA:373,17,0,18
BRDA:378,18,0,11
BRDA:378,19,0,11
BRDA:396,20,0,7
BRDA:12,21,0,18
BRDA:23,22,0,22
BRDA:24,23,0,19
BRDA:30,24,0,14
BRDA:31,25,0,14
BRDA:32,26,0,3
BRDA:38,27,0,4
BRDA:39,28,0,0
BRDA:40,29,0,0
BRDA:52,30,0,3
BRDA:90,31,0,1
BRDA:50,32,0,4
BRDA:55,33,0,3
BRDA:92,34,0,1
BRDA:97,35,0,12
BRDA:99,36,0,0
BRDA:100,37,0,0
BRDA:101,38,0,0
BRDA:102,39,0,1
BRDA:103,40,0,0
BRDA:104,41,0,11
BRDA:120,42,0,20
BRDA:121,43,0,0
BRDA:123,44,0,7
BRDA:123,45,0,13
BRDA:123,46,0,0
BRDA:123,47,0,13
BRDA:122,48,0,20
BRDA:126,49,0,20
BRDA:128,50,0,0
BRDA:129,51,0,0
BRDA:127,52,0,21
BRDA:167,53,0,4
BRDA:194,54,0,20
BRDA:195,55,0,0
BRDA:201,56,0,1
BRDA:243,57,0,0
BRDA:245,58,0,0
BRDA:253,59,0,0
BRDA:255,60,0,0
BRDA:264,61,0,0
BRDA:273,62,0,0
BRDA:274,63,0,0
BRDA:281,64,0,0
BRDA:293,65,0,0
BRDA:293,66,0,0
BRDA:307,67,0,0
BRDA:307,68,0,0
BRDA:385,69,0,12
BRF:70
BRH:47
end_of_record
TN:
SF:components/Navigation.tsx
FN:16,toggleMobileMenu
FN:20,closeMobileMenu
FN:69,className
FNF:3
FNH:1
FNDA:0,toggleMobileMenu
FNDA:0,closeMobileMenu
FNDA:15,className
DA:1,1
DA:2,1
DA:3,1
DA:4,1
DA:5,1
DA:6,1
DA:7,1
DA:8,1
DA:9,1
DA:10,1
DA:11,1
DA:12,1
DA:13,1
DA:14,3
DA:15,3
DA:16,3
DA:17,0
DA:18,0
DA:19,3
DA:20,3
DA:21,0
DA:22,0
DA:23,3
DA:24,3
DA:25,3
DA:26,3
DA:27,3
DA:28,3
DA:29,3
DA:30,3
DA:31,3
DA:32,3
DA:33,3
DA:34,3
DA:35,3
DA:36,3
DA:37,0
DA:38,0
DA:39,0
DA:40,0
DA:41,0
DA:42,3
DA:43,3
DA:44,3
DA:45,3
DA:46,3
DA:47,3
DA:48,3
DA:49,3
DA:50,3
DA:51,3
DA:52,3
DA:53,3
DA:54,3
DA:55,3
DA:56,3
DA:57,3
DA:58,3
DA:59,3
DA:60,3
DA:61,3
DA:62,3
DA:63,3
DA:64,15
DA:65,15
DA:66,15
DA:67,15
DA:68,15
DA:69,15
DA:70,15
DA:71,3
DA:72,12
DA:73,15
DA:74,15
DA:75,15
DA:76,15
DA:77,15
DA:78,3
DA:79,3
DA:80,3
DA:81,3
DA:82,3
DA:83,3
DA:84,3
DA:85,3
DA:86,3
DA:87,3
DA:88,3
DA:89,3
DA:90,3
DA:91,3
DA:92,1
DA:93,1
DA:94,1
DA:95,1
LF:95
LH:86
BRDA:13,0,0,3
BRDA:30,1,0,0
BRDA:32,2,0,0
BRDA:36,3,0,0
BRDA:51,4,0,0
BRDA:63,5,0,15
BRDA:69,6,0,15
BRDA:70,7,0,3
BRDA:71,8,0,12
BRF:9
BRH:5
end_of_record
TN:
SF:components/TasksView.tsx
FN:72,onKeyDown
FN:87,onMouseMove
FN:102,onMouseLeave
FN:207,TasksView
FN:293,moveTask
FN:350,onMouseMove
FN:365,onMouseLeave
FN:418,onClick
FN:446,onChange
FN:463,onChange
FN:482,onChange
FN:499,onChange
FN:517,onClick
FN:597,onChange
FN:640,onMouseMove
FN:655,onMouseLeave
FN:670,onClose
FN:675,onClick
FNF:18
FNH:3
FNDA:0,onKeyDown
FNDA:0,onMouseMove
FNDA:0,onMouseLeave
FNDA:48,TasksView
FNDA:0,moveTask
FNDA:10,onMouseMove
FNDA:0,onMouseLeave
FNDA:0,onClick
FNDA:0,onChange
FNDA:14,onChange
FNDA:0,onChange
FNDA:0,onChange
FNDA:0,onClick
FNDA:0,onChange
FNDA:0,onMouseMove
FNDA:0,onMouseLeave
FNDA:0,onClose
FNDA:0,onClick
DA:1,1
DA:2,1
DA:3,1
DA:4,1
DA:5,1
DA:6,1
DA:7,1
DA:8,1
DA:9,1
DA:10,1
DA:11,1
DA:12,1
DA:13,1
DA:14,1
DA:15,1
DA:16,1
DA:17,1
DA:18,1
DA:19,1
DA:20,1
DA:21,1
DA:22,1
DA:23,1
DA:24,1
DA:25,1
DA:26,1
DA:27,1
DA:28,1
DA:29,7
DA:30,7
DA:31,7
DA:32,7
DA:33,7
DA:34,7
DA:35,7
DA:36,7
DA:37,7
DA:38,7
DA:39,7
DA:40,7
DA:41,7
DA:42,7
DA:43,7
DA:44,0
DA:45,0
DA:46,7
DA:47,7
DA:48,7
DA:49,0
DA:50,0
DA:51,7
DA:52,7
DA:53,7
DA:54,0
DA:55,7
DA:56,7
DA:57,7
DA:58,7
DA:59,7
DA:60,7
DA:61,1
DA:62,1
DA:63,1
DA:64,1
DA:65,1
DA:66,1
DA:67,7
DA:68,7
DA:69,7
DA:70,7
DA:71,7
DA:72,7
DA:73,7
DA:74,7
DA:75,7
DA:76,7
DA:77,7
DA:78,7
DA:79,0
DA:80,7
DA:81,7
DA:82,7
DA:83,7
DA:84,7
DA:85,7
DA:86,7
DA:87,7
DA:88,0
DA:89,0
DA:90,0
DA:91,0
DA:92,0
DA:93,0
DA:94,0
DA:95,0
DA:96,0
DA:97,0
DA:98,0
DA:99,0
DA:100,0
DA:101,0
DA:102,7
DA:103,0
DA:104,0
DA:105,0
DA:106,7
DA:107,7
DA:108,7
DA:109,7
DA:110,7
DA:111,7
DA:112,7
DA:113,7
DA:114,7
DA:115,7
DA:116,7
DA:117,7
DA:118,7
DA:119,7
DA:120,0
DA:121,7
DA:122,7
DA:123,7
DA:124,7
DA:125,7
DA:126,7
DA:127,7
DA:128,7
DA:129,7
DA:130,7
DA:131,7
DA:132,7
DA:133,7
DA:134,7
DA:135,7
DA:136,7
DA:137,7
DA:138,7
DA:139,7
DA:140,7
DA:141,7
DA:142,7
DA:143,0
DA:144,0
DA:145,0
DA:146,0
DA:147,7
DA:148,7
DA:149,7
DA:150,7
DA:151,7
DA:152,7
DA:153,7
DA:154,7
DA:155,7
DA:156,7
DA:157,7
DA:158,7
DA:159,7
DA:160,0
DA:161,7
DA:162,7
DA:163,7
DA:164,7
DA:165,7
DA:166,7
DA:167,7
DA:168,7
DA:169,7
DA:170,7
DA:171,7
DA:172,7
DA:173,7
DA:174,0
DA:175,0
DA:176,0
DA:177,0
DA:178,0
DA:179,0
DA:180,0
DA:181,0
DA:182,0
DA:183,0
DA:184,7
DA:185,7
DA:186,7
DA:187,7
DA:188,7
DA:189,7
DA:190,1
DA:191,1
DA:192,1
DA:193,1
DA:194,1
DA:195,1
DA:196,1
DA:197,1
DA:198,1
DA:199,1
DA:200,1
DA:201,1
DA:202,1
DA:203,1
DA:204,1
DA:205,1
DA:206,1
DA:207,1
DA:208,48
DA:209,48
DA:210,48
DA:211,48
DA:212,48
DA:213,48
DA:214,48
DA:215,48
DA:216,48
DA:217,48
DA:218,10
DA:219,10
DA:220,10
DA:221,10
DA:222,48
DA:223,48
DA:224,48
DA:225,0
DA:226,0
DA:227,48
DA:228,48
DA:229,48
DA:230,1
DA:231,1
DA:232,1
DA:233,1
DA:234,1
DA:235,1
DA:236,1
DA:237,1
DA:238,1
DA:239,0
DA:240,0
DA:241,0
DA:242,0
DA:243,0
DA:244,1
DA:245,1
DA:246,0
DA:247,0
DA:248,0
DA:249,0
DA:250,0
DA:251,0
DA:252,0
DA:253,0
DA:254,48
DA:255,48
DA:256,48
DA:257,0
DA:258,0
DA:259,48
DA:260,48
DA:261,48
DA:262,0
DA:263,0
DA:264,0
DA:265,0
DA:266,0
DA:267,0
DA:268,0
DA:269,0
DA:270,0
DA:271,0
DA:272,0
DA:273,0
DA:274,0
DA:275,0
DA:276,0
DA:277,0
DA:278,0
DA:279,0
DA:280,0
DA:281,0
DA:282,0
DA:283,0
DA:284,0
DA:285,0
DA:286,0
DA:287,0
DA:288,0
DA:289,48
DA:290,48
DA:291,48
DA:292,48
DA:293,48
DA:294,0
DA:295,0
DA:296,48
DA:297,48
DA:298,48
DA:299,7
DA:300,7
DA:301,7
DA:302,48
DA:303,48
DA:304,48
DA:305,48
DA:306,7
DA:307,7
DA:308,7
DA:309,0
DA:310,7
DA:311,7
DA:312,7
DA:313,48
DA:314,48
DA:315,48
DA:316,0
DA:317,0
DA:318,0
DA:319,0
DA:320,0
DA:321,0
DA:322,48
DA:323,48
DA:324,48
DA:325,48
DA:326,48
DA:327,33
DA:328,33
DA:329,0
DA:330,48
DA:331,48
DA:332,48
DA:333,48
DA:334,48
DA:335,48
DA:336,48
DA:337,48
DA:338,48
DA:339,48
DA:340,48
DA:341,48
DA:342,48
DA:343,48
DA:344,48
DA:345,48
DA:346,48
DA:347,48
DA:348,48
DA:349,48
DA:350,48
DA:351,10
DA:352,10
DA:353,10
DA:354,10
DA:355,10
DA:356,10
DA:357,10
DA:358,10
DA:359,10
DA:360,10
DA:361,10
DA:362,10
DA:363,10
DA:364,10
DA:365,48
DA:366,0
DA:367,0
DA:368,0
DA:369,48
DA:370,48
DA:371,48
DA:372,48
DA:373,48
DA:374,48
DA:375,48
DA:376,48
DA:377,0
DA:378,48
DA:379,42
DA:380,42
DA:381,42
DA:382,42
DA:383,42
DA:384,6
DA:385,6
DA:386,7
DA:387,7
DA:388,7
DA:389,7
DA:390,7
DA:391,7
DA:392,7
DA:393,7
DA:394,7
DA:395,7
DA:396,7
DA:397,7
DA:398,7
DA:399,6
DA:400,48
DA:401,48
DA:402,48
DA:403,48
DA:404,48
DA:405,48
DA:406,48
DA:407,24
DA:408,24
DA:409,24
DA:410,24
DA:411,24
DA:412,24
DA:413,24
DA:414,24
DA:415,24
DA:416,24
DA:417,24
DA:418,24
DA:419,24
DA:420,24
DA:421,24
DA:422,24
DA:423,24
DA:424,24
DA:425,24
DA:426,24
DA:427,24
DA:428,24
DA:429,24
DA:430,24
DA:431,24
DA:432,24
DA:433,24
DA:434,24
DA:435,24
DA:436,24
DA:437,24
DA:438,24
DA:439,24
DA:440,24
DA:441,24
DA:442,24
DA:443,24
DA:444,24
DA:445,24
DA:446,24
DA:447,24
DA:448,24
DA:449,24
DA:450,24
DA:451,24
DA:452,24
DA:453,24
DA:454,24
DA:455,24
DA:456,24
DA:457,24
DA:458,24
DA:459,24
DA:460,24
DA:461,24
DA:462,24
DA:463,24
DA:464,24
DA:465,24
DA:466,24
DA:467,24
DA:468,24
DA:469,24
DA:470,24
DA:471,24
DA:472,24
DA:473,24
DA:474,24
DA:475,24
DA:476,24
DA:477,24
DA:478,24
DA:479,24
DA:480,24
DA:481,24
DA:482,24
DA:483,24
DA:484,24
DA:485,24
DA:486,24
DA:487,24
DA:488,24
DA:489,24
DA:490,24
DA:491,24
DA:492,24
DA:493,24
DA:494,24
DA:495,24
DA:496,24
DA:497,24
DA:498,24
DA:499,24
DA:500,24
DA:501,24
DA:502,24
DA:503,24
DA:504,24
DA:505,24
DA:506,24
DA:507,24
DA:508,24
DA:509,24
DA:510,24
DA:511,24
DA:512,24
DA:513,24
DA:514,24
DA:515,1
DA:516,1
DA:517,1
DA:518,1
DA:519,1
DA:520,0
DA:521,1
DA:522,1
DA:523,1
DA:524,1
DA:525,1
DA:526,1
DA:527,1
DA:528,1
DA:529,1
DA:530,1
DA:531,1
DA:532,24
DA:533,24
DA:534,24
DA:535,24
DA:536,24
DA:537,24
DA:538,24
DA:539,24
DA:540,24
DA:541,24
DA:542,24
DA:543,24
DA:544,24
DA:545,24
DA:546,0
DA:547,0
DA:548,0
DA:549,0
DA:550,0
DA:551,0
DA:552,0
DA:553,0
DA:554,0
DA:555,0
DA:556,0
DA:557,0
DA:558,0
DA:559,0
DA:560,0
DA:561,0
DA:562,0
DA:563,0
DA:564,0
DA:565,0
DA:566,0
DA:567,0
DA:568,0
DA:569,0
DA:570,0
DA:571,0
DA:572,0
DA:573,0
DA:574,0
DA:575,0
DA:576,0
DA:577,0
DA:578,0
DA:579,0
DA:580,0
DA:581,0
DA:582,24
DA:583,24
DA:584,24
DA:585,24
DA:586,24
DA:587,24
DA:588,24
DA:589,24
DA:590,24
DA:591,24
DA:592,24
DA:593,24
DA:594,24
DA:595,24
DA:596,24
DA:597,24
DA:598,24
DA:599,24
DA:600,24
DA:601,24
DA:602,24
DA:603,24
DA:604,24
DA:605,24
DA:606,24
DA:607,24
DA:608,24
DA:609,24
DA:610,24
DA:611,24
DA:612,24
DA:613,24
DA:614,24
DA:615,24
DA:616,24
DA:617,24
DA:618,24
DA:619,24
DA:620,24
DA:621,24
DA:622,24
DA:623,24
DA:624,24
DA:625,24
DA:626,24
DA:627,24
DA:628,24
DA:629,24
DA:630,24
DA:631,24
DA:632,24
DA:633,24
DA:634,24
DA:635,24
DA:636,24
DA:637,24
DA:638,24
DA:639,24
DA:640,24
DA:641,0
DA:642,0
DA:643,0
DA:644,0
DA:645,0
DA:646,0
DA:647,0
DA:648,0
DA:649,0
DA:650,0
DA:651,0
DA:652,0
DA:653,0
DA:654,0
DA:655,24
DA:656,0
DA:657,0
DA:658,0
DA:659,24
DA:660,24
DA:661,24
DA:662,24
DA:663,24
DA:664,24
DA:665,48
DA:666,48
DA:667,48
DA:668,48
DA:669,48
DA:670,48
DA:671,48
DA:672,48
DA:673,48
DA:674,48
DA:675,48
DA:676,48
DA:677,48
DA:678,48
DA:679,48
DA:680,48
DA:681,48
DA:682,48
DA:683,48
DA:684,48
DA:685,48
DA:686,48
DA:687,48
DA:688,48
DA:689,48
DA:690,48
DA:691,48
DA:692,48
DA:693,48
DA:694,1
DA:695,1
LF:695
LH:544
BRDA:28,0,0,7
BRDA:40,1,0,0
BRDA:60,2,0,1
BRDA:75,3,0,0
BRDA:75,4,0,0
BRDA:78,5,0,0
BRDA:113,6,0,6
BRDA:113,7,0,1
BRDA:119,8,0,0
BRDA:131,9,0,6
BRDA:131,10,0,1
BRDA:142,11,0,0
BRDA:152,12,0,0
BRDA:159,13,0,0
BRDA:173,14,0,0
BRDA:207,15,0,48
BRDA:376,16,0,0
BRDA:378,17,0,42
BRDA:383,18,0,6
BRDA:406,19,0,24
BRDA:545,20,0,0
BRDA:618,21,0,0
BRDA:619,22,0,0
BRDA:620,23,0,1
BRDA:621,24,0,0
BRDA:622,25,0,0
BRDA:630,26,0,24
BRDA:217,27,0,10
BRDA:229,28,0,1
BRDA:238,29,0,0
BRDA:245,30,0,0
BRDA:298,31,0,7
BRDA:299,32,0,0
BRDA:301,33,0,0
BRDA:301,34,0,0
BRDA:305,35,0,7
BRDA:308,36,0,0
BRDA:326,37,0,33
BRDA:328,38,0,0
BRDA:327,39,0,7
BRDA:350,40,0,10
BRDA:385,41,0,7
BRDA:463,42,0,14
BRDA:514,43,0,1
BRDA:519,44,0,0
BRDA:525,45,0,0
BRDA:526,46,0,0
BRDA:527,47,0,0
BRF:48
BRH:22
end_of_record
TN:
SF:hooks/index.ts
FNF:0
FNH:0
DA:1,1
DA:2,1
DA:3,1
DA:4,1
DA:5,1
LF:5
LH:5
BRF:0
BRH:0
end_of_record
TN:
SF:hooks/useAgents.ts
FN:12,useAgents
FNF:1
FNH:1
FNDA:27,useAgents
DA:1,1
DA:2,1
DA:3,1
DA:4,1
DA:5,1
DA:6,1
DA:7,1
DA:8,1
DA:9,1
DA:10,1
DA:11,1
DA:12,1
DA:13,27
DA:14,27
DA:15,2
DA:16,2
DA:17,25
DA:18,25
DA:19,25
DA:20,25
DA:21,25
DA:22,25
DA:23,25
DA:24,25
DA:25,25
DA:26,25
DA:27,2
DA:28,2
DA:29,25
DA:30,25
DA:31,25
DA:32,25
DA:33,25
DA:34,3
DA:35,2
DA:36,3
DA:37,3
DA:38,25
DA:39,25
DA:40,25
DA:41,25
DA:42,25
DA:43,3
DA:44,3
DA:45,2
DA:46,2
DA:47,2
DA:48,2
DA:49,2
DA:50,2
DA:51,2
DA:52,3
DA:53,1
DA:54,1
DA:55,1
DA:56,1
DA:57,3
DA:58,25
DA:59,25
DA:60,25
DA:61,25
DA:62,25
DA:63,3
DA:64,3
DA:65,2
DA:66,2
DA:67,2
DA:68,2
DA:69,2
DA:70,2
DA:71,2
DA:72,3
DA:73,1
DA:74,1
DA:75,1
DA:76,1
DA:77,3
DA:78,25
DA:79,25
DA:80,25
DA:81,25
DA:82,25
DA:83,3
DA:84,3
DA:85,1
DA:86,1
DA:87,2
DA:88,2
DA:89,2
DA:90,1
DA:91,1
DA:92,1
DA:93,1
DA:94,1
DA:95,1
DA:96,1
DA:97,1
DA:98,1
DA:99,1
DA:100,1
DA:101,1
DA:102,3
DA:103,25
DA:104,25
DA:105,25
DA:106,25
DA:107,25
DA:108,2
DA:109,2
DA:110,2
DA:111,2
DA:112,1
DA:113,1
DA:114,1
DA:115,1
DA:116,2
DA:117,25
DA:118,25
DA:119,25
DA:120,25
DA:121,25
DA:122,25
DA:123,25
DA:124,25
DA:125,25
DA:126,25
DA:127,25
DA:128,25
DA:129,25
DA:130,25
DA:131,25
DA:132,25
DA:133,25
DA:134,25
DA:135,25
DA:136,25
DA:137,1
DA:138,1
LF:138
LH:138
BRDA:12,0,0,27
BRDA:14,1,0,2
BRDA:16,2,0,25
BRDA:21,3,0,17
BRDA:26,4,0,2
BRDA:27,5,0,2
BRDA:33,6,0,3
BRDA:34,7,0,1
BRDA:34,8,0,2
BRDA:36,9,0,1
BRDA:36,10,0,1
BRDA:36,11,0,0
BRDA:36,12,0,1
BRDA:35,13,0,2
BRDA:42,14,0,3
BRDA:44,15,0,2
BRDA:52,16,0,1
BRDA:53,17,0,0
BRDA:62,18,0,3
BRDA:64,19,0,2
BRDA:72,20,0,1
BRDA:73,21,0,0
BRDA:82,22,0,3
BRDA:84,23,0,1
BRDA:86,24,0,2
BRDA:89,25,0,1
BRDA:98,26,0,0
BRDA:107,27,0,2
BRDA:108,28,0,1
BRDA:108,29,0,1
BRDA:111,30,0,1
BRF:31
BRH:27
end_of_record
TN:
SF:hooks/useCrudOperations.ts
FN:49,useCrudOperations
FNF:1
FNH:1
FNDA:41,useCrudOperations
DA:1,1
DA:2,1
DA:3,1
DA:4,1
DA:5,1
DA:6,1
DA:7,1
DA:8,1
DA:9,1
DA:10,1
DA:11,1
DA:12,1
DA:13,1
DA:14,1
DA:15,1
DA:16,1
DA:17,1
DA:18,1
DA:19,1
DA:20,1
DA:21,1
DA:22,1
DA:23,1
DA:24,1
DA:25,1
DA:26,1
DA:27,1
DA:28,1
DA:29,1
DA:30,1
DA:31,1
DA:32,1
DA:33,1
DA:34,1
DA:35,1
DA:36,1
DA:37,1
DA:38,1
DA:39,1
DA:40,1
DA:41,1
DA:42,1
DA:43,1
DA:44,1
DA:45,1
DA:46,1
DA:47,1
DA:48,1
DA:49,1
DA:50,41
DA:51,41
DA:52,41
DA:53,41
DA:54,41
DA:55,41
DA:56,41
DA:57,41
DA:58,41
DA:59,41
DA:60,41
DA:61,41
DA:62,41
DA:63,41
DA:64,41
DA:65,41
DA:66,41
DA:67,41
DA:68,41
DA:69,41
DA:70,41
DA:71,1
DA:72,41
DA:73,41
DA:74,41
DA:75,1
DA:76,41
DA:77,41
DA:78,41
DA:79,5
DA:80,5
DA:81,5
DA:82,5
DA:83,5
DA:84,5
DA:85,5
DA:86,3
DA:87,1
DA:88,1
DA:89,1
DA:90,1
DA:91,1
DA:92,1
DA:93,1
DA:94,5
DA:95,2
DA:96,1
DA:97,1
DA:98,1
DA:99,1
DA:100,1
DA:101,1
DA:102,1
DA:103,1
DA:104,5
DA:105,3
DA:106,3
DA:107,3
DA:108,3
DA:109,3
DA:110,3
DA:111,3
DA:112,5
DA:113,5
DA:114,5
DA:115,41
DA:116,41
DA:117,41
DA:118,6
DA:119,6
DA:120,41
DA:121,41
DA:122,41
DA:123,6
DA:124,5
DA:125,5
DA:126,5
DA:127,6
DA:128,1
DA:129,1
DA:130,1
DA:131,1
DA:132,1
DA:133,4
DA:134,4
DA:135,4
DA:136,4
DA:137,2
DA:138,6
DA:139,1
DA:140,1
DA:141,2
DA:142,2
DA:143,2
DA:144,2
DA:145,2
DA:146,2
DA:147,2
DA:148,2
DA:149,2
DA:150,2
DA:151,2
DA:152,2
DA:153,2
DA:154,6
DA:155,4
DA:156,4
DA:157,4
DA:158,4
DA:159,41
DA:160,41
DA:161,41
DA:162,41
DA:163,41
DA:164,41
DA:165,41
DA:166,41
DA:167,41
DA:168,41
DA:169,41
DA:170,41
DA:171,41
DA:172,41
DA:173,41
DA:174,41
DA:175,1
DA:176,1
LF:176
LH:176
BRDA:49,0,0,41
BRDA:70,1,0,1
BRDA:74,2,0,1
BRDA:78,3,0,5
BRDA:80,4,0,3
BRDA:80,5,0,2
BRDA:85,6,0,3
BRDA:86,7,0,1
BRDA:94,8,0,2
BRDA:95,9,0,1
BRDA:104,10,0,3
BRDA:106,11,0,2
BRDA:106,12,0,1
BRDA:117,13,0,6
BRDA:122,14,0,6
BRDA:123,15,0,1
BRDA:123,16,0,5
BRDA:127,17,0,1
BRDA:132,18,0,4
BRDA:136,19,0,2
BRDA:138,20,0,1
BRDA:140,21,0,2
BRDA:148,22,0,1
BRDA:148,23,0,1
BRDA:154,24,0,4
BRF:25
BRH:25
end_of_record
TN:
SF:hooks/useFlowRun.ts
FN:18,useFlowRun
FNF:1
FNH:1
FNDA:47,useFlowRun
DA:1,1
DA:2,1
DA:3,1
DA:4,1
DA:5,1
DA:6,1
DA:7,1
DA:8,1
DA:9,1
DA:10,1
DA:11,1
DA:12,1
DA:13,1
DA:14,1
DA:15,1
DA:16,1
DA:17,1
DA:18,1
DA:19,47
DA:20,47
DA:21,2
DA:22,2
DA:23,45
DA:24,45
DA:25,45
DA:26,45
DA:27,45
DA:28,45
DA:29,45
DA:30,45
DA:31,45
DA:32,45
DA:33,45
DA:34,45
DA:35,45
DA:36,45
DA:37,37
DA:38,45
DA:39,45
DA:40,45
DA:41,13
DA:42,45
DA:43,45
DA:44,45
DA:45,45
DA:46,13
DA:47,1
DA:48,1
DA:49,1
DA:50,1
DA:51,1
DA:52,1
DA:53,1
DA:54,12
DA:55,12
DA:56,12
DA:57,12
DA:58,12
DA:59,12
DA:60,12
DA:61,11
DA:62,11
DA:63,11
DA:64,11
DA:65,11
DA:66,11
DA:67,11
DA:68,7
DA:69,7
DA:70,7
DA:71,7
DA:72,7
DA:73,7
DA:74,7
DA:75,7
DA:76,7
DA:77,7
DA:78,7
DA:79,7
DA:80,2
DA:81,2
DA:82,2
DA:83,2
DA:84,2
DA:85,2
DA:86,2
DA:87,2
DA:88,2
DA:89,2
DA:90,2
DA:91,2
DA:92,7
DA:93,7
DA:94,7
DA:95,2
DA:96,2
DA:97,2
DA:98,2
DA:99,2
DA:100,2
DA:101,2
DA:102,2
DA:103,2
DA:104,2
DA:105,2
DA:106,2
DA:107,11
DA:108,11
DA:109,11
DA:110,11
DA:111,13
DA:112,1
DA:113,1
DA:114,1
DA:115,1
DA:116,1
DA:117,1
DA:118,13
DA:119,45
DA:120,45
DA:121,45
DA:122,45
DA:123,1
DA:124,1
DA:125,1
DA:126,1
DA:127,1
DA:128,1
DA:129,1
DA:130,1
DA:131,1
DA:132,1
DA:133,1
DA:134,1
DA:135,1
DA:136,45
DA:137,45
DA:138,45
DA:139,45
DA:140,1
DA:141,1
DA:142,45
DA:143,45
DA:144,45
DA:145,45
DA:146,45
DA:147,45
DA:148,45
DA:149,45
DA:150,45
DA:151,45
DA:152,45
DA:153,45
DA:154,45
DA:155,45
DA:156,45
DA:157,45
DA:158,45
DA:159,45
DA:160,45
DA:161,45
DA:162,1
DA:163,1
LF:163
LH:163
BRDA:18,0,0,47
BRDA:20,1,0,2
BRDA:22,2,0,45
BRDA:34,3,0,45
BRDA:36,4,0,37
BRDA:37,5,0,37
BRDA:40,6,0,13
BRDA:45,7,0,13
BRDA:46,8,0,1
BRDA:53,9,0,12
BRDA:60,10,0,11
BRDA:111,11,0,1
BRDA:113,12,0,0
BRDA:67,13,0,7
BRDA:69,14,0,1
BRDA:70,15,0,1
BRDA:71,16,0,1
BRDA:73,17,0,3
BRDA:73,18,0,2
BRDA:74,19,0,4
BRDA:79,20,0,6
BRDA:79,21,0,2
BRDA:94,22,0,6
BRDA:94,23,0,2
BRDA:104,24,0,0
BRDA:122,25,0,1
BRDA:139,26,0,1
BRF:27
BRH:25
end_of_record
TN:
SF:hooks/useOrchestrator.ts
FN:9,useOrchestrator
FN:25,useOrchestratorState
FN:33,useOrchestratorDispatch
FNF:3
FNH:1
FNDA:94,useOrchestrator
FNDA:0,useOrchestratorState
FNDA:0,useOrchestratorDispatch
DA:1,1
DA:2,1
DA:3,1
DA:4,1
DA:5,1
DA:6,1
DA:7,1
DA:8,1
DA:9,1
DA:10,94
DA:11,94
DA:12,94
DA:13,2
DA:14,2
DA:15,2
DA:16,2
DA:17,2
DA:18,92
DA:19,92
DA:20,92
DA:21,1
DA:22,1
DA:23,1
DA:24,1
DA:25,1
DA:26,0
DA:27,0
DA:28,0
DA:29,1
DA:30,1
DA:31,1
DA:32,1
DA:33,1
DA:34,0
DA:35,0
DA:36,0
DA:37,1
DA:38,1
LF:38
LH:32
BRDA:9,0,0,94
BRDA:12,1,0,92
BRDA:12,2,0,2
BRF:3
BRH:3
end_of_record
TN:
SF:hooks/useTasks.ts
FN:11,useTasks
FNF:1
FNH:1
FNDA:28,useTasks
DA:1,1
DA:2,1
DA:3,1
DA:4,1
DA:5,1
DA:6,1
DA:7,1
DA:8,1
DA:9,1
DA:10,1
DA:11,1
DA:12,28
DA:13,28
DA:14,2
DA:15,2
DA:16,26
DA:17,26
DA:18,26
DA:19,26
DA:20,26
DA:21,26
DA:22,26
DA:23,26
DA:24,26
DA:25,26
DA:26,26
DA:27,2
DA:28,2
DA:29,26
DA:30,26
DA:31,26
DA:32,26
DA:33,26
DA:34,1
DA:35,0
DA:36,0
DA:37,1
DA:38,1
DA:39,1
DA:40,1
DA:41,26
DA:42,26
DA:43,26
DA:44,26
DA:45,26
DA:46,3
DA:47,2
DA:48,3
DA:49,3
DA:50,26
DA:51,26
DA:52,26
DA:53,26
DA:54,26
DA:55,2
DA:56,2
DA:57,1
DA:58,2
DA:59,26
DA:60,26
DA:61,26
DA:62,26
DA:63,26
DA:64,3
DA:65,3
DA:66,2
DA:67,2
DA:68,2
DA:69,2
DA:70,2
DA:71,2
DA:72,2
DA:73,3
DA:74,1
DA:75,1
DA:76,1
DA:77,1
DA:78,3
DA:79,26
DA:80,26
DA:81,26
DA:82,26
DA:83,26
DA:84,3
DA:85,3
DA:86,2
DA:87,2
DA:88,2
DA:89,2
DA:90,2
DA:91,2
DA:92,2
DA:93,3
DA:94,1
DA:95,1
DA:96,1
DA:97,1
DA:98,3
DA:99,26
DA:100,26
DA:101,26
DA:102,26
DA:103,26
DA:104,2
DA:105,2
DA:106,1
DA:107,1
DA:108,1
DA:109,1
DA:110,1
DA:111,1
DA:112,1
DA:113,1
DA:114,1
DA:115,1
DA:116,1
DA:117,1
DA:118,2
DA:119,26
DA:120,26
DA:121,26
DA:122,26
DA:123,26
DA:124,2
DA:125,1
DA:126,1
DA:127,1
DA:128,1
DA:129,2
DA:130,26
DA:131,26
DA:132,26
DA:133,26
DA:134,26
DA:135,0
DA:136,0
DA:137,0
DA:138,0
DA:139,0
DA:140,0
DA:141,0
DA:142,26
DA:143,26
DA:144,26
DA:145,26
DA:146,26
DA:147,26
DA:148,26
DA:149,26
DA:150,26
DA:151,26
DA:152,26
DA:153,26
DA:154,26
DA:155,26
DA:156,26
DA:157,26
DA:158,26
DA:159,26
DA:160,26
DA:161,26
DA:162,26
DA:163,26
DA:164,26
DA:165,26
DA:166,1
DA:167,1
LF:167
LH:158
BRDA:11,0,0,28
BRDA:13,1,0,2
BRDA:15,2,0,26
BRDA:20,3,0,18
BRDA:21,4,0,18
BRDA:26,5,0,2
BRDA:27,6,0,3
BRDA:33,7,0,1
BRDA:34,8,0,0
BRDA:37,9,0,0
BRDA:38,10,0,2
BRDA:45,11,0,3
BRDA:46,12,0,1
BRDA:46,13,0,2
BRDA:48,14,0,1
BRDA:48,15,0,1
BRDA:48,16,0,0
BRDA:48,17,0,1
BRDA:47,18,0,2
BRDA:54,19,0,2
BRDA:56,20,0,1
BRDA:55,21,0,3
BRDA:63,22,0,3
BRDA:65,23,0,2
BRDA:73,24,0,1
BRDA:74,25,0,0
BRDA:83,26,0,3
BRDA:85,27,0,2
BRDA:93,28,0,1
BRDA:94,29,0,0
BRDA:103,30,0,2
BRDA:105,31,0,1
BRDA:114,32,0,0
BRDA:123,33,0,2
BRDA:124,34,0,1
BRF:35
BRH:29
end_of_record
TN:
SF:services/api.ts
FN:5,handleResponse
FN:16,getAll
FN:21,create
FN:30,update
FN:39,delete
FN:52,getAll
FN:57,create
FN:66,update
FN:75,delete
FN:88,getAll
FN:93,create
FN:102,update
FN:111,delete
FN:120,getRuns
FN:125,startRun
FN:138,get
FN:143,streamEvents
FNF:17
FNH:14
FNDA:12,handleResponse
FNDA:2,getAll
FNDA:1,create
FNDA:1,update
FNDA:2,delete
FNDA:1,getAll
FNDA:1,create
FNDA:1,update
FNDA:1,delete
FNDA:1,getAll
FNDA:1,create
FNDA:1,update
FNDA:1,delete
FNDA:0,getRuns
FNDA:2,startRun
FNDA:0,get
FNDA:0,streamEvents
DA:1,1
DA:2,1
DA:3,1
DA:4,1
DA:5,12
DA:6,12
DA:7,2
DA:8,2
DA:9,2
DA:10,10
DA:11,10
DA:12,1
DA:13,1
DA:14,1
DA:15,1
DA:16,1
DA:17,2
DA:18,2
DA:19,2
DA:20,1
DA:21,1
DA:22,1
DA:23,1
DA:24,1
DA:25,1
DA:26,1
DA:27,1
DA:28,1
DA:29,1
DA:30,1
DA:31,1
DA:32,1
DA:33,1
DA:34,1
DA:35,1
DA:36,1
DA:37,1
DA:38,1
DA:39,1
DA:40,2
DA:41,2
DA:42,2
DA:43,2
DA:44,1
DA:45,1
DA:46,2
DA:47,1
DA:48,1
DA:49,1
DA:50,1
DA:51,1
DA:52,1
DA:53,1
DA:54,1
DA:55,1
DA:56,1
DA:57,1
DA:58,1
DA:59,1
DA:60,1
DA:61,1
DA:62,1
DA:63,1
DA:64,1
DA:65,1
DA:66,1
DA:67,1
DA:68,1
DA:69,1
DA:70,1
DA:71,1
DA:72,1
DA:73,1
DA:74,1
DA:75,1
DA:76,1
DA:77,1
DA:78,1
DA:79,1
DA:80,0
DA:81,0
DA:82,1
DA:83,1
DA:84,1
DA:85,1
DA:86,1
DA:87,1
DA:88,1
DA:89,1
DA:90,1
DA:91,1
DA:92,1
DA:93,1
DA:94,1
DA:95,1
DA:96,1
DA:97,1
DA:98,1
DA:99,1
DA:100,1
DA:101,1
DA:102,1
DA:103,1
DA:104,1
DA:105,1
DA:106,1
DA:107,1
DA:108,1
DA:109,1
DA:110,1
DA:111,1
DA:112,1
DA:113,1
DA:114,1
DA:115,1
DA:116,0
DA:117,0
DA:118,1
DA:119,1
DA:120,1
DA:121,0
DA:122,0
DA:123,0
DA:124,1
DA:125,1
DA:126,2
DA:127,2
DA:128,2
DA:129,2
DA:130,2
DA:131,2
DA:132,2
DA:133,1
DA:134,1
DA:135,1
DA:136,1
DA:137,1
DA:138,1
DA:139,0
DA:140,0
DA:141,0
DA:142,1
DA:143,1
DA:144,0
DA:145,0
DA:146,0
DA:147,0
DA:148,0
DA:149,0
DA:150,0
DA:151,0
DA:152,0
DA:153,0
DA:154,0
DA:155,0
DA:156,0
DA:157,0
DA:158,0
DA:159,0
DA:160,0
DA:161,0
DA:162,0
DA:163,0
DA:164,1
LF:164
LH:134
BRDA:5,0,0,12
BRDA:6,1,0,2
BRDA:7,2,0,1
BRDA:8,3,0,0
BRDA:9,4,0,10
BRDA:16,5,0,2
BRDA:21,6,0,1
BRDA:30,7,0,1
BRDA:39,8,0,2
BRDA:43,9,0,1
BRDA:52,10,0,1
BRDA:57,11,0,1
BRDA:66,12,0,1
BRDA:75,13,0,1
BRDA:79,14,0,0
BRDA:88,15,0,1
BRDA:93,16,0,1
BRDA:102,17,0,1
BRDA:111,18,0,1
BRDA:115,19,0,0
BRDA:125,20,0,2
BRF:21
BRH:18
end_of_record
TN:
SF:services/gemini.ts
FN:9,generateAgentBackstory
FN:35,simulateCrewRun
FN:73,checkBackendHealth
FNF:3
FNH:3
FNDA:3,generateAgentBackstory
FNDA:2,simulateCrewRun
FNDA:3,checkBackendHealth
DA:1,1
DA:2,1
DA:3,1
DA:4,1
DA:5,1
DA:6,1
DA:7,1
DA:8,1
DA:9,1
DA:10,3
DA:11,3
DA:12,3
DA:13,3
DA:14,3
DA:15,3
DA:16,3
DA:17,3
DA:18,2
DA:19,3
DA:20,1
DA:21,1
DA:22,1
DA:23,1
DA:24,1
DA:25,3
DA:26,3
DA:27,2
DA:28,2
DA:29,2
DA:30,3
DA:31,1
DA:32,1
DA:33,1
DA:34,1
DA:35,1
DA:36,2
DA:37,2
DA:38,2
DA:39,2
DA:40,2
DA:41,2
DA:42,2
DA:43,2
DA:44,2
DA:45,2
DA:46,2
DA:47,2
DA:48,2
DA:49,2
DA:50,2
DA:51,2
DA:52,2
DA:53,2
DA:54,2
DA:55,2
DA:56,1
DA:57,1
DA:58,1
DA:59,1
DA:60,1
DA:61,1
DA:62,1
DA:63,2
DA:64,2
DA:65,1
DA:66,1
DA:67,1
DA:68,2
DA:69,1
DA:70,1
DA:71,1
DA:72,1
DA:73,1
DA:74,3
DA:75,3
DA:76,2
DA:77,2
DA:78,3
DA:79,1
DA:80,1
DA:81,1
DA:82,3
LF:82
LH:82
BRDA:4,0,0,0
BRDA:9,1,0,3
BRDA:17,2,0,2
BRDA:19,3,0,1
BRDA:21,4,0,0
BRDA:25,5,0,0
BRDA:26,6,0,2
BRDA:35,7,0,2
BRDA:55,8,0,1
BRDA:57,9,0,0
BRDA:63,10,0,0
BRDA:64,11,0,1
BRDA:73,12,0,3
BRDA:75,13,0,2
BRDA:78,14,0,1
BRF:15
BRH:10
end_of_record
TN:
SF:utils/helpers.ts
FN:6,generateIdFromName
FN:20,sanitizeId
FN:27,generateTempId
FN:34,isTempId
FN:42,escapeYaml
FN:57,escapeHtml
FNF:6
FNH:6
FNDA:12,generateIdFromName
FNDA:22,sanitizeId
FNDA:4,generateTempId
FNDA:12,isTempId
FNDA:1104,escapeYaml
FNDA:8,escapeHtml
DA:1,1
DA:2,1
DA:3,1
DA:4,1
DA:5,1
DA:6,1
DA:7,12
DA:8,12
DA:9,12
DA:10,12
DA:11,12
DA:12,12
DA:13,12
DA:14,12
DA:15,1
DA:16,1
DA:17,1
DA:18,1
DA:19,1
DA:20,1
DA:21,22
DA:22,22
DA:23,1
DA:24,1
DA:25,1
DA:26,1
DA:27,1
DA:28,4
DA:29,4
DA:30,1
DA:31,1
DA:32,1
DA:33,1
DA:34,1
DA:35,12
DA:36,12
DA:37,1
DA:38,1
DA:39,1
DA:40,1
DA:41,1
DA:42,1
DA:43,1104
DA:44,1011
DA:45,1011
DA:46,1011
DA:47,1011
DA:48,1011
DA:49,1011
DA:50,1011
DA:51,1011
DA:52,1011
DA:53,1
DA:54,1
DA:55,1
DA:56,1
DA:57,1
DA:58,8
DA:59,5
DA:60,5
DA:61,5
DA:62,5
DA:63,5
DA:64,5
DA:65,5
LF:65
LH:65
BRDA:6,0,0,12
BRDA:13,1,0,2
BRDA:13,2,0,2
BRDA:13,3,0,10
BRDA:20,4,0,22
BRDA:27,5,0,4
BRDA:34,6,0,12
BRDA:42,7,0,1104
BRDA:43,8,0,93
BRDA:43,9,0,1011
BRDA:57,10,0,8
BRDA:58,11,0,3
BRDA:58,12,0,5
BRF:13
BRH:13
end_of_record
